

Started GET "/" for 127.0.0.1 at 2016-02-10 15:30:26 +0800
  [1m[36mActiveRecord::SchemaMigration Load (0.2ms)[0m  [1mSELECT `schema_migrations`.* FROM `schema_migrations`[0m
Processing by HomeController#index as HTML
  [1m[35mUser Load (0.2ms)[0m  SELECT  `users`.* FROM `users` WHERE `users`.`id` = 1 LIMIT 1
  [1m[36m (0.1ms)[0m  [1mSELECT `relationships`.`followed_id` FROM `relationships` WHERE `relationships`.`follower_id` = 1[0m
  [1m[35mLesson Load (0.2ms)[0m  SELECT `lessons`.* FROM `lessons` WHERE `lessons`.`user_id` = 1
  [1m[36mLessonWord Load (0.2ms)[0m  [1mSELECT `lesson_words`.* FROM `lesson_words` WHERE `lesson_words`.`lesson_id` = 1[0m
  [1m[35mAnswer Load (0.2ms)[0m  SELECT  `answers`.* FROM `answers` WHERE `answers`.`id` = 158 LIMIT 1
  [1m[36mAnswer Load (0.2ms)[0m  [1mSELECT  `answers`.* FROM `answers` WHERE `answers`.`id` = 4 LIMIT 1[0m
  [1m[35mAnswer Load (0.1ms)[0m  SELECT  `answers`.* FROM `answers` WHERE `answers`.`id` = 109 LIMIT 1
  [1m[36mAnswer Load (0.2ms)[0m  [1mSELECT  `answers`.* FROM `answers` WHERE `answers`.`id` = 35 LIMIT 1[0m
  [1m[35mAnswer Load (0.1ms)[0m  SELECT  `answers`.* FROM `answers` WHERE `answers`.`id` = 31 LIMIT 1
  [1m[36mAnswer Load (0.1ms)[0m  [1mSELECT  `answers`.* FROM `answers` WHERE `answers`.`id` = 161 LIMIT 1[0m
  [1m[35mAnswer Load (0.1ms)[0m  SELECT  `answers`.* FROM `answers` WHERE `answers`.`id` = 52 LIMIT 1
  [1m[36mAnswer Load (0.1ms)[0m  [1mSELECT  `answers`.* FROM `answers` WHERE `answers`.`id` = 93 LIMIT 1[0m
  [1m[35mAnswer Load (0.1ms)[0m  SELECT  `answers`.* FROM `answers` WHERE `answers`.`id` = 138 LIMIT 1
  [1m[36mAnswer Load (0.1ms)[0m  [1mSELECT  `answers`.* FROM `answers` WHERE `answers`.`id` = 69 LIMIT 1[0m
  [1m[35mAnswer Load (0.1ms)[0m  SELECT  `answers`.* FROM `answers` WHERE `answers`.`id` = 59 LIMIT 1
  [1m[36mAnswer Load (0.1ms)[0m  [1mSELECT  `answers`.* FROM `answers` WHERE `answers`.`id` = 103 LIMIT 1[0m
  [1m[35mLessonWord Load (0.1ms)[0m  SELECT `lesson_words`.* FROM `lesson_words` WHERE `lesson_words`.`lesson_id` = 2
  [1m[36mLessonWord Load (0.1ms)[0m  [1mSELECT `lesson_words`.* FROM `lesson_words` WHERE `lesson_words`.`lesson_id` = 3[0m
  [1m[35mLessonWord Load (0.1ms)[0m  SELECT `lesson_words`.* FROM `lesson_words` WHERE `lesson_words`.`lesson_id` = 4
  [1m[36mLessonWord Load (0.1ms)[0m  [1mSELECT `lesson_words`.* FROM `lesson_words` WHERE `lesson_words`.`lesson_id` = 5[0m
  [1m[35mLessonWord Load (0.1ms)[0m  SELECT `lesson_words`.* FROM `lesson_words` WHERE `lesson_words`.`lesson_id` = 6
  [1m[36mAnswer Load (0.2ms)[0m  [1mSELECT  `answers`.* FROM `answers` WHERE `answers`.`id` = 127 LIMIT 1[0m
  [1m[35mAnswer Load (0.2ms)[0m  SELECT  `answers`.* FROM `answers` WHERE `answers`.`id` = 129 LIMIT 1
  [1m[36mAnswer Load (0.2ms)[0m  [1mSELECT  `answers`.* FROM `answers` WHERE `answers`.`id` = 101 LIMIT 1[0m
  [1m[35mAnswer Load (0.1ms)[0m  SELECT  `answers`.* FROM `answers` WHERE `answers`.`id` = 8 LIMIT 1
  [1m[36mAnswer Load (0.2ms)[0m  [1mSELECT  `answers`.* FROM `answers` WHERE `answers`.`id` = 153 LIMIT 1[0m
  [1m[35mAnswer Load (0.2ms)[0m  SELECT  `answers`.* FROM `answers` WHERE `answers`.`id` = 16 LIMIT 1
  [1m[36mAnswer Load (0.1ms)[0m  [1mSELECT  `answers`.* FROM `answers` WHERE `answers`.`id` = 45 LIMIT 1[0m
  [1m[35mAnswer Load (0.1ms)[0m  SELECT  `answers`.* FROM `answers` WHERE `answers`.`id` = 187 LIMIT 1
  [1m[36mAnswer Load (0.1ms)[0m  [1mSELECT  `answers`.* FROM `answers` WHERE `answers`.`id` = 119 LIMIT 1[0m
  [1m[35mAnswer Load (0.1ms)[0m  SELECT  `answers`.* FROM `answers` WHERE `answers`.`id` = 121 LIMIT 1
  [1m[36mAnswer Load (0.1ms)[0m  [1mSELECT  `answers`.* FROM `answers` WHERE `answers`.`id` = 65 LIMIT 1[0m
  [1m[35mAnswer Load (0.1ms)[0m  SELECT  `answers`.* FROM `answers` WHERE `answers`.`id` = 183 LIMIT 1
  [1m[36mLessonWord Load (0.1ms)[0m  [1mSELECT `lesson_words`.* FROM `lesson_words` WHERE `lesson_words`.`lesson_id` = 8[0m
  [1m[35mLessonWord Load (0.1ms)[0m  SELECT `lesson_words`.* FROM `lesson_words` WHERE `lesson_words`.`lesson_id` = 9
  [1m[36mLessonWord Load (0.1ms)[0m  [1mSELECT `lesson_words`.* FROM `lesson_words` WHERE `lesson_words`.`lesson_id` = 10[0m
  [1m[35mLessonWord Load (0.1ms)[0m  SELECT `lesson_words`.* FROM `lesson_words` WHERE `lesson_words`.`lesson_id` = 11
  [1m[36mLessonWord Load (0.2ms)[0m  [1mSELECT `lesson_words`.* FROM `lesson_words` WHERE `lesson_words`.`lesson_id` = 12[0m
  [1m[35m (0.2ms)[0m  SELECT COUNT(*) FROM `users` INNER JOIN `relationships` ON `users`.`id` = `relationships`.`followed_id` WHERE `relationships`.`follower_id` = 1
  [1m[36m (0.2ms)[0m  [1mSELECT COUNT(*) FROM `users` INNER JOIN `relationships` ON `users`.`id` = `relationships`.`follower_id` WHERE `relationships`.`followed_id` = 1[0m
  Rendered shared/_status.html.erb (112.5ms)
  Rendered shared/_follow_form.html.erb (0.6ms)
  [1m[35mActivity Load (0.2ms)[0m  SELECT  `activities`.* FROM `activities` WHERE (log_id in (2,5,6,7,8,9,10,11,12,13,14,15,16,17,18,19,20,21,22,23,24,25,26,27,28,29,30,31,32,33,34,35,36,37,38,39,40,41,42,43,44,45,46,47,48,49,50,51,1)) LIMIT 15 OFFSET 0
  [1m[36mCACHE (0.0ms)[0m  [1mSELECT  `users`.* FROM `users` WHERE `users`.`id` = 1 LIMIT 1[0m  [["id", 1]]
  [1m[35mCACHE (0.0ms)[0m  SELECT  `users`.* FROM `users` WHERE `users`.`id` = 1 LIMIT 1  [["id", 1]]
  [1m[36mCACHE (0.1ms)[0m  [1mSELECT  `users`.* FROM `users` WHERE `users`.`id` = 1 LIMIT 1[0m  [["id", 1]]
  [1m[35mCACHE (0.0ms)[0m  SELECT  `users`.* FROM `users` WHERE `users`.`id` = 1 LIMIT 1  [["id", 1]]
  [1m[36mCACHE (0.0ms)[0m  [1mSELECT  `users`.* FROM `users` WHERE `users`.`id` = 1 LIMIT 1[0m  [["id", 1]]
  Rendered home/index.html.erb within layouts/application (529.8ms)
  Rendered layouts/_shim.html.erb (0.5ms)
  Rendered layouts/_header.html.erb (15.0ms)
  Rendered layouts/_flash.html.erb (0.6ms)
  Rendered layouts/_footer.html.erb (2.1ms)
Completed 200 OK in 1130ms (Views: 1041.6ms | ActiveRecord: 11.7ms)


Started GET "/" for 127.0.0.1 at 2016-02-10 15:30:27 +0800
Processing by HomeController#index as HTML
  [1m[35mUser Load (1.9ms)[0m  SELECT  `users`.* FROM `users` WHERE `users`.`id` = 1 LIMIT 1
  [1m[36m (0.2ms)[0m  [1mSELECT `relationships`.`followed_id` FROM `relationships` WHERE `relationships`.`follower_id` = 1[0m
  [1m[35mLesson Load (0.2ms)[0m  SELECT `lessons`.* FROM `lessons` WHERE `lessons`.`user_id` = 1
  [1m[36mLessonWord Load (0.2ms)[0m  [1mSELECT `lesson_words`.* FROM `lesson_words` WHERE `lesson_words`.`lesson_id` = 1[0m
  [1m[35mAnswer Load (0.2ms)[0m  SELECT  `answers`.* FROM `answers` WHERE `answers`.`id` = 158 LIMIT 1
  [1m[36mAnswer Load (0.2ms)[0m  [1mSELECT  `answers`.* FROM `answers` WHERE `answers`.`id` = 4 LIMIT 1[0m
  [1m[35mAnswer Load (0.2ms)[0m  SELECT  `answers`.* FROM `answers` WHERE `answers`.`id` = 109 LIMIT 1
  [1m[36mAnswer Load (0.1ms)[0m  [1mSELECT  `answers`.* FROM `answers` WHERE `answers`.`id` = 35 LIMIT 1[0m
  [1m[35mAnswer Load (0.2ms)[0m  SELECT  `answers`.* FROM `answers` WHERE `answers`.`id` = 31 LIMIT 1
  [1m[36mAnswer Load (0.2ms)[0m  [1mSELECT  `answers`.* FROM `answers` WHERE `answers`.`id` = 161 LIMIT 1[0m
  [1m[35mAnswer Load (0.2ms)[0m  SELECT  `answers`.* FROM `answers` WHERE `answers`.`id` = 52 LIMIT 1
  [1m[36mAnswer Load (0.2ms)[0m  [1mSELECT  `answers`.* FROM `answers` WHERE `answers`.`id` = 93 LIMIT 1[0m
  [1m[35mAnswer Load (0.1ms)[0m  SELECT  `answers`.* FROM `answers` WHERE `answers`.`id` = 138 LIMIT 1
  [1m[36mAnswer Load (0.1ms)[0m  [1mSELECT  `answers`.* FROM `answers` WHERE `answers`.`id` = 69 LIMIT 1[0m
  [1m[35mAnswer Load (0.1ms)[0m  SELECT  `answers`.* FROM `answers` WHERE `answers`.`id` = 59 LIMIT 1
  [1m[36mAnswer Load (0.1ms)[0m  [1mSELECT  `answers`.* FROM `answers` WHERE `answers`.`id` = 103 LIMIT 1[0m
  [1m[35mLessonWord Load (0.2ms)[0m  SELECT `lesson_words`.* FROM `lesson_words` WHERE `lesson_words`.`lesson_id` = 2
  [1m[36mLessonWord Load (0.2ms)[0m  [1mSELECT `lesson_words`.* FROM `lesson_words` WHERE `lesson_words`.`lesson_id` = 3[0m
  [1m[35mLessonWord Load (0.1ms)[0m  SELECT `lesson_words`.* FROM `lesson_words` WHERE `lesson_words`.`lesson_id` = 4
  [1m[36mLessonWord Load (0.1ms)[0m  [1mSELECT `lesson_words`.* FROM `lesson_words` WHERE `lesson_words`.`lesson_id` = 5[0m
  [1m[35mLessonWord Load (0.1ms)[0m  SELECT `lesson_words`.* FROM `lesson_words` WHERE `lesson_words`.`lesson_id` = 6
  [1m[36mAnswer Load (0.1ms)[0m  [1mSELECT  `answers`.* FROM `answers` WHERE `answers`.`id` = 127 LIMIT 1[0m
  [1m[35mAnswer Load (0.1ms)[0m  SELECT  `answers`.* FROM `answers` WHERE `answers`.`id` = 129 LIMIT 1
  [1m[36mAnswer Load (0.1ms)[0m  [1mSELECT  `answers`.* FROM `answers` WHERE `answers`.`id` = 101 LIMIT 1[0m
  [1m[35mAnswer Load (0.2ms)[0m  SELECT  `answers`.* FROM `answers` WHERE `answers`.`id` = 8 LIMIT 1
  [1m[36mAnswer Load (0.2ms)[0m  [1mSELECT  `answers`.* FROM `answers` WHERE `answers`.`id` = 153 LIMIT 1[0m
  [1m[35mAnswer Load (0.1ms)[0m  SELECT  `answers`.* FROM `answers` WHERE `answers`.`id` = 16 LIMIT 1
  [1m[36mAnswer Load (0.1ms)[0m  [1mSELECT  `answers`.* FROM `answers` WHERE `answers`.`id` = 45 LIMIT 1[0m
  [1m[35mAnswer Load (0.1ms)[0m  SELECT  `answers`.* FROM `answers` WHERE `answers`.`id` = 187 LIMIT 1
  [1m[36mAnswer Load (0.1ms)[0m  [1mSELECT  `answers`.* FROM `answers` WHERE `answers`.`id` = 119 LIMIT 1[0m
  [1m[35mAnswer Load (0.1ms)[0m  SELECT  `answers`.* FROM `answers` WHERE `answers`.`id` = 121 LIMIT 1
  [1m[36mAnswer Load (0.1ms)[0m  [1mSELECT  `answers`.* FROM `answers` WHERE `answers`.`id` = 65 LIMIT 1[0m
  [1m[35mAnswer Load (0.3ms)[0m  SELECT  `answers`.* FROM `answers` WHERE `answers`.`id` = 183 LIMIT 1
  [1m[36mLessonWord Load (0.2ms)[0m  [1mSELECT `lesson_words`.* FROM `lesson_words` WHERE `lesson_words`.`lesson_id` = 8[0m
  [1m[35mLessonWord Load (0.2ms)[0m  SELECT `lesson_words`.* FROM `lesson_words` WHERE `lesson_words`.`lesson_id` = 9
  [1m[36mLessonWord Load (0.2ms)[0m  [1mSELECT `lesson_words`.* FROM `lesson_words` WHERE `lesson_words`.`lesson_id` = 10[0m
  [1m[35mLessonWord Load (0.2ms)[0m  SELECT `lesson_words`.* FROM `lesson_words` WHERE `lesson_words`.`lesson_id` = 11
  [1m[36mLessonWord Load (0.1ms)[0m  [1mSELECT `lesson_words`.* FROM `lesson_words` WHERE `lesson_words`.`lesson_id` = 12[0m
  [1m[35m (0.2ms)[0m  SELECT COUNT(*) FROM `users` INNER JOIN `relationships` ON `users`.`id` = `relationships`.`followed_id` WHERE `relationships`.`follower_id` = 1
  [1m[36m (0.1ms)[0m  [1mSELECT COUNT(*) FROM `users` INNER JOIN `relationships` ON `users`.`id` = `relationships`.`follower_id` WHERE `relationships`.`followed_id` = 1[0m
  Rendered shared/_status.html.erb (60.3ms)
  Rendered shared/_follow_form.html.erb (0.1ms)
  [1m[35mActivity Load (0.2ms)[0m  SELECT  `activities`.* FROM `activities` WHERE (log_id in (2,5,6,7,8,9,10,11,12,13,14,15,16,17,18,19,20,21,22,23,24,25,26,27,28,29,30,31,32,33,34,35,36,37,38,39,40,41,42,43,44,45,46,47,48,49,50,51,1)) LIMIT 15 OFFSET 0
  [1m[36mCACHE (0.0ms)[0m  [1mSELECT  `users`.* FROM `users` WHERE `users`.`id` = 1 LIMIT 1[0m  [["id", 1]]
  [1m[35mCACHE (0.0ms)[0m  SELECT  `users`.* FROM `users` WHERE `users`.`id` = 1 LIMIT 1  [["id", 1]]
  [1m[36mCACHE (0.0ms)[0m  [1mSELECT  `users`.* FROM `users` WHERE `users`.`id` = 1 LIMIT 1[0m  [["id", 1]]
  [1m[35mCACHE (0.0ms)[0m  SELECT  `users`.* FROM `users` WHERE `users`.`id` = 1 LIMIT 1  [["id", 1]]
  [1m[36mCACHE (0.0ms)[0m  [1mSELECT  `users`.* FROM `users` WHERE `users`.`id` = 1 LIMIT 1[0m  [["id", 1]]
  Rendered home/index.html.erb within layouts/application (72.2ms)
  Rendered layouts/_shim.html.erb (0.1ms)
  Rendered layouts/_header.html.erb (2.0ms)
  Rendered layouts/_flash.html.erb (0.1ms)
  Rendered layouts/_footer.html.erb (0.4ms)
Completed 200 OK in 167ms (Views: 152.2ms | ActiveRecord: 8.3ms)


Started DELETE "/logout" for 127.0.0.1 at 2016-02-10 15:30:29 +0800
Processing by SessionsController#destroy as HTML
  Parameters: {"authenticity_token"=>"tcPie5W8HxBWdNj6gBZABp2O082+VXdrcv4+B3KyRNevduD3kLBwBHpqKi+cfLWDJt08CPtgrsHscd4VEQLGow=="}
  [1m[35mUser Load (0.2ms)[0m  SELECT  `users`.* FROM `users` WHERE `users`.`id` = 1 LIMIT 1
  [1m[36m (0.2ms)[0m  [1mBEGIN[0m
  [1m[35mUser Exists (0.2ms)[0m  SELECT  1 AS one FROM `users` WHERE (`users`.`email` = 'admin@example.com' AND `users`.`id` != 1) LIMIT 1
  [1m[36m (0.2ms)[0m  [1mCOMMIT[0m
Redirected to http://localhost:3000/
Completed 302 Found in 19ms (ActiveRecord: 0.8ms)


Started GET "/" for 127.0.0.1 at 2016-02-10 15:30:30 +0800
Processing by HomeController#index as HTML
  Rendered home/_signup.html.erb (1.0ms)
  Rendered home/index.html.erb within layouts/application (1.9ms)
  Rendered layouts/_shim.html.erb (0.1ms)
  Rendered layouts/_header.html.erb (1.5ms)
  Rendered layouts/_flash.html.erb (0.1ms)
  Rendered layouts/_footer.html.erb (0.5ms)
Completed 200 OK in 75ms (Views: 68.3ms | ActiveRecord: 0.0ms)


Started GET "/login" for 127.0.0.1 at 2016-02-10 15:30:31 +0800
Processing by SessionsController#new as HTML
  Rendered sessions/new.html.erb within layouts/application (16.9ms)
  Rendered layouts/_shim.html.erb (0.4ms)
  Rendered layouts/_header.html.erb (3.0ms)
  Rendered layouts/_flash.html.erb (1.1ms)
  Rendered layouts/_footer.html.erb (1.8ms)
Completed 200 OK in 98ms (Views: 97.0ms | ActiveRecord: 0.0ms)


Started POST "/login" for 127.0.0.1 at 2016-02-10 15:30:32 +0800
Processing by SessionsController#create as HTML
  Parameters: {"utf8"=>"✓", "authenticity_token"=>"IW36UkTDW4gZgoHqUqIqSVNe7+QHhNun+z/EYbKh8cI72PjeQc80nDWccz9OyN/M6A0AIUKxAg1lsCRz0RFztg==", "session"=>{"email"=>"admin@example.com", "password"=>"[FILTERED]", "remember_me"=>"0"}, "commit"=>"Sign in"}
  [1m[35mUser Load (0.2ms)[0m  SELECT  `users`.* FROM `users` WHERE `users`.`email` = 'admin@example.com' LIMIT 1
  [1m[36m (0.2ms)[0m  [1mBEGIN[0m
  [1m[35mUser Exists (0.2ms)[0m  SELECT  1 AS one FROM `users` WHERE (`users`.`email` = 'admin@example.com' AND `users`.`id` != 1) LIMIT 1
  [1m[36m (0.1ms)[0m  [1mCOMMIT[0m
Redirected to http://localhost:3000/admin
Completed 302 Found in 125ms (ActiveRecord: 0.7ms)


Started GET "/admin" for 127.0.0.1 at 2016-02-10 15:30:32 +0800
Processing by Admin::DashboardController#index as HTML
  [1m[35mUser Load (0.2ms)[0m  SELECT  `users`.* FROM `users` WHERE `users`.`id` = 1 LIMIT 1
  [1m[36m (0.2ms)[0m  [1mSELECT COUNT(*) FROM `users`[0m
  [1m[35m (0.1ms)[0m  SELECT COUNT(*) FROM `categories`
  [1m[36mCACHE (0.0ms)[0m  [1mSELECT COUNT(*) FROM `categories`[0m
  [1m[35mCACHE (0.0ms)[0m  SELECT COUNT(*) FROM `categories`
  Rendered admin/dashboard/index.html.erb within layouts/admin (12.3ms)
  Rendered partials_admin/_sidebar.html.erb (2.5ms)
  Rendered partials_admin/_header.html.erb (2.2ms)
Completed 200 OK in 86ms (Views: 83.5ms | ActiveRecord: 1.2ms)


Started GET "/admin/categories" for 127.0.0.1 at 2016-02-10 15:30:34 +0800
Processing by Admin::CategoriesController#index as HTML
  [1m[36mUser Load (0.2ms)[0m  [1mSELECT  `users`.* FROM `users` WHERE `users`.`id` = 1 LIMIT 1[0m
  [1m[35m (0.2ms)[0m  SELECT COUNT(*) FROM `users`
  [1m[36m (0.2ms)[0m  [1mSELECT COUNT(*) FROM `categories`[0m
  [1m[35mCategory Load (0.1ms)[0m  SELECT  `categories`.* FROM `categories`  ORDER BY `categories`.`created_at` DESC LIMIT 5 OFFSET 0
  [1m[36mCACHE (0.0ms)[0m  [1mSELECT COUNT(*) FROM `categories`[0m
  Rendered admin/categories/index.html.erb within layouts/admin (18.1ms)
  Rendered partials_admin/_sidebar.html.erb (2.5ms)
  Rendered partials_admin/_header.html.erb (3.0ms)
Completed 200 OK in 91ms (Views: 88.7ms | ActiveRecord: 0.9ms)


Started GET "/admin/users" for 127.0.0.1 at 2016-02-10 15:30:38 +0800
Processing by Admin::UsersController#index as HTML
  [1m[35mUser Load (0.2ms)[0m  SELECT  `users`.* FROM `users` WHERE `users`.`id` = 1 LIMIT 1
  [1m[36m (0.2ms)[0m  [1mSELECT COUNT(*) FROM `users`[0m
  [1m[35mUser Load (0.1ms)[0m  SELECT  `users`.* FROM `users` LIMIT 10 OFFSET 0
  [1m[36mCACHE (0.0ms)[0m  [1mSELECT COUNT(*) FROM `users`[0m
  [1m[35mCACHE (0.0ms)[0m  SELECT COUNT(*) FROM `users`
  Rendered admin/users/index.html.erb within layouts/admin (17.1ms)
  Rendered partials_admin/_sidebar.html.erb (1.8ms)
  Rendered partials_admin/_header.html.erb (1.8ms)
Completed 200 OK in 92ms (Views: 89.2ms | ActiveRecord: 0.5ms)


Started GET "/admin/words" for 127.0.0.1 at 2016-02-10 15:31:28 +0800
  [1m[36mActiveRecord::SchemaMigration Load (0.2ms)[0m  [1mSELECT `schema_migrations`.* FROM `schema_migrations`[0m
Processing by Admin::WordsController#index as HTML
  [1m[35mUser Load (0.2ms)[0m  SELECT  `users`.* FROM `users` WHERE `users`.`id` = 1 LIMIT 1
  [1m[36mWord Load (0.2ms)[0m  [1mSELECT  `words`.* FROM `words` LIMIT 10 OFFSET 0[0m
  [1m[35m (0.2ms)[0m  SELECT COUNT(*) FROM `words`
  [1m[36mCategory Load (0.2ms)[0m  [1mSELECT  `categories`.* FROM `categories` WHERE `categories`.`id` = 1 LIMIT 1[0m
  [1m[35mCACHE (0.0ms)[0m  SELECT  `categories`.* FROM `categories` WHERE `categories`.`id` = 1 LIMIT 1  [["id", 1]]
  [1m[36mCACHE (0.0ms)[0m  [1mSELECT  `categories`.* FROM `categories` WHERE `categories`.`id` = 1 LIMIT 1[0m  [["id", 1]]
  [1m[35mCACHE (0.0ms)[0m  SELECT  `categories`.* FROM `categories` WHERE `categories`.`id` = 1 LIMIT 1  [["id", 1]]
  [1m[36mCACHE (0.0ms)[0m  [1mSELECT  `categories`.* FROM `categories` WHERE `categories`.`id` = 1 LIMIT 1[0m  [["id", 1]]
  [1m[35mCACHE (0.0ms)[0m  SELECT  `categories`.* FROM `categories` WHERE `categories`.`id` = 1 LIMIT 1  [["id", 1]]
  [1m[36mCACHE (0.0ms)[0m  [1mSELECT  `categories`.* FROM `categories` WHERE `categories`.`id` = 1 LIMIT 1[0m  [["id", 1]]
  [1m[35mCACHE (0.0ms)[0m  SELECT  `categories`.* FROM `categories` WHERE `categories`.`id` = 1 LIMIT 1  [["id", 1]]
  [1m[36mCACHE (0.0ms)[0m  [1mSELECT  `categories`.* FROM `categories` WHERE `categories`.`id` = 1 LIMIT 1[0m  [["id", 1]]
  [1m[35mCACHE (0.0ms)[0m  SELECT  `categories`.* FROM `categories` WHERE `categories`.`id` = 1 LIMIT 1  [["id", 1]]
  Rendered admin/words/index.html.erb within layouts/admin (430.2ms)
  Rendered partials_admin/_sidebar.html.erb (2.6ms)
  Rendered partials_admin/_header.html.erb (2.3ms)
Completed 200 OK in 954ms (Views: 885.4ms | ActiveRecord: 4.1ms)


Started GET "/admin/users" for 127.0.0.1 at 2016-02-10 15:31:31 +0800
Processing by Admin::UsersController#index as HTML
  [1m[36mUser Load (0.2ms)[0m  [1mSELECT  `users`.* FROM `users` WHERE `users`.`id` = 1 LIMIT 1[0m
  [1m[35m (0.2ms)[0m  SELECT COUNT(*) FROM `users`
  [1m[36mUser Load (0.1ms)[0m  [1mSELECT  `users`.* FROM `users` LIMIT 10 OFFSET 0[0m
  [1m[35mCACHE (0.0ms)[0m  SELECT COUNT(*) FROM `users`
  [1m[36mCACHE (0.0ms)[0m  [1mSELECT COUNT(*) FROM `users`[0m
  Rendered admin/users/index.html.erb within layouts/admin (14.0ms)
  Rendered partials_admin/_sidebar.html.erb (2.6ms)
  Rendered partials_admin/_header.html.erb (3.2ms)
Completed 200 OK in 123ms (Views: 120.9ms | ActiveRecord: 0.5ms)


Started GET "/admin/categories" for 127.0.0.1 at 2016-02-10 15:31:34 +0800
Processing by Admin::CategoriesController#index as HTML
  [1m[35mUser Load (0.2ms)[0m  SELECT  `users`.* FROM `users` WHERE `users`.`id` = 1 LIMIT 1
  [1m[36m (0.1ms)[0m  [1mSELECT COUNT(*) FROM `users`[0m
  [1m[35m (0.2ms)[0m  SELECT COUNT(*) FROM `categories`
  [1m[36mCategory Load (0.1ms)[0m  [1mSELECT  `categories`.* FROM `categories`  ORDER BY `categories`.`created_at` DESC LIMIT 5 OFFSET 0[0m
  [1m[35mCACHE (0.0ms)[0m  SELECT COUNT(*) FROM `categories`
  Rendered admin/categories/index.html.erb within layouts/admin (21.4ms)
  Rendered partials_admin/_sidebar.html.erb (2.6ms)
  Rendered partials_admin/_header.html.erb (3.6ms)
Completed 200 OK in 154ms (Views: 151.7ms | ActiveRecord: 0.6ms)


Started DELETE "/logout" for 127.0.0.1 at 2016-02-10 15:31:36 +0800
Processing by SessionsController#destroy as HTML
  Parameters: {"authenticity_token"=>"W33ZV2Nifod9ypZKXQYS3Qd+oYzlYYR7fYPZn7Lg53dByNvbZm4Rk1HUZJ9BbOdYvC1OSaBUXdHjDDmN0VBlAw=="}
  [1m[36mUser Load (0.1ms)[0m  [1mSELECT  `users`.* FROM `users` WHERE `users`.`id` = 1 LIMIT 1[0m
  [1m[35m (0.1ms)[0m  BEGIN
  [1m[36mUser Exists (0.2ms)[0m  [1mSELECT  1 AS one FROM `users` WHERE (`users`.`email` = 'admin@example.com' AND `users`.`id` != 1) LIMIT 1[0m
  [1m[35m (0.1ms)[0m  COMMIT
Redirected to http://localhost:3000/
Completed 302 Found in 19ms (ActiveRecord: 0.5ms)


Started GET "/" for 127.0.0.1 at 2016-02-10 15:31:36 +0800
Processing by HomeController#index as HTML
  Rendered home/_signup.html.erb (1.0ms)
  Rendered home/index.html.erb within layouts/application (3.7ms)
  Rendered layouts/_shim.html.erb (0.4ms)
  Rendered layouts/_header.html.erb (2.3ms)
  Rendered layouts/_flash.html.erb (0.5ms)
  Rendered layouts/_footer.html.erb (0.9ms)
Completed 200 OK in 82ms (Views: 76.6ms | ActiveRecord: 0.0ms)


Started GET "/login" for 127.0.0.1 at 2016-02-10 15:31:38 +0800
Processing by SessionsController#new as HTML
  Rendered sessions/new.html.erb within layouts/application (16.8ms)
  Rendered layouts/_shim.html.erb (0.4ms)
  Rendered layouts/_header.html.erb (2.9ms)
  Rendered layouts/_flash.html.erb (0.6ms)
  Rendered layouts/_footer.html.erb (0.9ms)
Completed 200 OK in 91ms (Views: 90.4ms | ActiveRecord: 0.0ms)


Started POST "/login" for 127.0.0.1 at 2016-02-10 15:31:51 +0800
Processing by SessionsController#create as HTML
  Parameters: {"utf8"=>"✓", "authenticity_token"=>"FR/G8arTy2n74FrlYncEekgDTnvP4j/opmaB6uAx/38PqsR9r9+kfdf+qDB+HfH/81ChvorX5kI46WH4g4F9Cw==", "session"=>{"email"=>"admin@example.com", "password"=>"[FILTERED]", "remember_me"=>"0"}, "commit"=>"Sign in"}
  [1m[36mUser Load (0.3ms)[0m  [1mSELECT  `users`.* FROM `users` WHERE `users`.`email` = 'admin@example.com' LIMIT 1[0m
  [1m[35m (0.2ms)[0m  BEGIN
  [1m[36mUser Exists (0.2ms)[0m  [1mSELECT  1 AS one FROM `users` WHERE (`users`.`email` = 'admin@example.com' AND `users`.`id` != 1) LIMIT 1[0m
  [1m[35m (0.1ms)[0m  COMMIT
Redirected to http://localhost:3000/admin
Completed 302 Found in 127ms (ActiveRecord: 0.8ms)


Started GET "/admin" for 127.0.0.1 at 2016-02-10 15:31:51 +0800
Processing by Admin::DashboardController#index as HTML
  [1m[36mUser Load (0.2ms)[0m  [1mSELECT  `users`.* FROM `users` WHERE `users`.`id` = 1 LIMIT 1[0m
  [1m[35m (0.2ms)[0m  SELECT COUNT(*) FROM `users`
  [1m[36m (0.2ms)[0m  [1mSELECT COUNT(*) FROM `categories`[0m
  [1m[35mCACHE (0.1ms)[0m  SELECT COUNT(*) FROM `categories`
  [1m[36mCACHE (0.0ms)[0m  [1mSELECT COUNT(*) FROM `categories`[0m
  Rendered admin/dashboard/index.html.erb within layouts/admin (6.3ms)
  Rendered partials_admin/_sidebar.html.erb (1.7ms)
  Rendered partials_admin/_header.html.erb (1.8ms)
Completed 200 OK in 76ms (Views: 73.8ms | ActiveRecord: 0.6ms)


Started GET "/admin/categories" for 127.0.0.1 at 2016-02-10 15:31:54 +0800
Processing by Admin::CategoriesController#index as HTML
  [1m[35mUser Load (0.1ms)[0m  SELECT  `users`.* FROM `users` WHERE `users`.`id` = 1 LIMIT 1
  [1m[36m (0.2ms)[0m  [1mSELECT COUNT(*) FROM `users`[0m
  [1m[35m (0.7ms)[0m  SELECT COUNT(*) FROM `categories`
  [1m[36mCategory Load (0.2ms)[0m  [1mSELECT  `categories`.* FROM `categories`  ORDER BY `categories`.`created_at` DESC LIMIT 5 OFFSET 0[0m
  [1m[35mCACHE (0.0ms)[0m  SELECT COUNT(*) FROM `categories`
  Rendered admin/categories/index.html.erb within layouts/admin (11.7ms)
  Rendered partials_admin/_sidebar.html.erb (1.7ms)
  Rendered partials_admin/_header.html.erb (1.9ms)
Completed 200 OK in 79ms (Views: 75.8ms | ActiveRecord: 1.3ms)


Started GET "/admin/categories" for 127.0.0.1 at 2016-02-10 15:32:52 +0800
  [1m[36mActiveRecord::SchemaMigration Load (0.1ms)[0m  [1mSELECT `schema_migrations`.* FROM `schema_migrations`[0m
Processing by Admin::CategoriesController#index as HTML
  [1m[35mUser Load (0.2ms)[0m  SELECT  `users`.* FROM `users` WHERE `users`.`id` = 1 LIMIT 1
  [1m[36m (0.1ms)[0m  [1mSELECT COUNT(*) FROM `users`[0m
  [1m[35m (0.1ms)[0m  SELECT COUNT(*) FROM `categories`
  [1m[36mCategory Load (0.1ms)[0m  [1mSELECT  `categories`.* FROM `categories`  ORDER BY `categories`.`created_at` DESC LIMIT 5 OFFSET 0[0m
  [1m[35mCACHE (0.0ms)[0m  SELECT COUNT(*) FROM `categories`
  Rendered admin/categories/index.html.erb within layouts/admin (410.1ms)
  Rendered partials_admin/_sidebar.html.erb (3.3ms)
  Rendered partials_admin/_header.html.erb (2.7ms)
Completed 200 OK in 958ms (Views: 883.3ms | ActiveRecord: 2.8ms)


Started GET "/assets/admin/simple-sidebar.self-44544dd149b74405ffd329a90624dc1f01afb0ad97a5198e46175133894e8b97.css?body=1" for 127.0.0.1 at 2016-02-10 15:32:53 +0800


Started GET "/assets/admin/styles_admin.self-03d27cfdfc8962a7ae7933c202a0d570629cd2fe8f5f6f0f7106bc6616e47265.css?body=1" for 127.0.0.1 at 2016-02-10 15:32:53 +0800


Started GET "/assets/styles.self-4fe355d370c7b659a29aa8ecd154e86901a62be2d67e3db05913dd3daeb93645.css?body=1" for 127.0.0.1 at 2016-02-10 15:32:53 +0800


Started GET "/assets/application.self-9c6e89862ea0523752b6a484480b37ea3a5d1354c2436c2ccf7d73c8a0abf4dd.css?body=1" for 127.0.0.1 at 2016-02-10 15:32:53 +0800


Started GET "/assets/jquery.self-a714331225dda820228db323939889f149aec0127aeb06255646b616ba1ca419.js?body=1" for 127.0.0.1 at 2016-02-10 15:32:53 +0800


Started GET "/assets/framgia_logo-818121e9e40777295cc3913890a428b6a74b9059cb62b5b9a4877e7639a05d86.png" for 127.0.0.1 at 2016-02-10 15:32:53 +0800


Started GET "/assets/bootstrap/affix.self-3555752f8a930795ee9e56751a52e6871104ae85d01b3ab8363da3802a5ecc78.js?body=1" for 127.0.0.1 at 2016-02-10 15:32:54 +0800


Started GET "/assets/bootstrap/alert.self-d8b7bd612b3dcfdefb7b5539b9d5848d66ccbd3e7af8bb8d48bfb3288aaa7be8.js?body=1" for 127.0.0.1 at 2016-02-10 15:32:54 +0800


Started GET "/assets/bootstrap/button.self-e74d33ba39500940a78d6fa4d2d64f6ca7fd86d60a2149641f7fde7ba711d8a1.js?body=1" for 127.0.0.1 at 2016-02-10 15:32:54 +0800


Started GET "/assets/bootstrap/carousel.self-35d204878d906298e55bc24553e11fd89b980fc4ffe5792fe36af8c0da289c54.js?body=1" for 127.0.0.1 at 2016-02-10 15:32:54 +0800


Started GET "/assets/bootstrap/collapse.self-056c40532d9f0f126ec17e839f60c942f573fbd61a086e7f156306e3fc5e8c1f.js?body=1" for 127.0.0.1 at 2016-02-10 15:32:54 +0800


Started GET "/assets/bootstrap/dropdown.self-e56c2ffee4618411d43ecf15c89273f6223847ad756e1cd17545d04afa732ed4.js?body=1" for 127.0.0.1 at 2016-02-10 15:32:54 +0800


Started GET "/assets/bootstrap/modal.self-62463080dba6b9d024ff0a3192da0e76eacbc683194f3395047c6f5cfa0acb59.js?body=1" for 127.0.0.1 at 2016-02-10 15:32:54 +0800


Started GET "/assets/bootstrap/scrollspy.self-52afd90e8ba97d9f08617a13986e8869d6c4a45751c0bff59a6f91241e722aca.js?body=1" for 127.0.0.1 at 2016-02-10 15:32:54 +0800


Started GET "/assets/bootstrap/tab.self-dad0d5c377f9fae26394484535ebb23ccf68afae084f896af6ea4cdf8c9f6ae0.js?body=1" for 127.0.0.1 at 2016-02-10 15:32:54 +0800


Started GET "/assets/bootstrap/transition.self-3b268d4cd8c79e46ded7392885f72f64ffb5b0d49948a12b8cf9779f6163e13a.js?body=1" for 127.0.0.1 at 2016-02-10 15:32:54 +0800


Started GET "/assets/bootstrap/tooltip.self-facdc69246a072acb927ded77ff655f7c27a518b9357fddd45d119fbc8a0ab9f.js?body=1" for 127.0.0.1 at 2016-02-10 15:32:54 +0800


Started GET "/assets/bootstrap/popover.self-210cff1fb4b72b71a29b5122180cb5937c8145cd13a934dc838280f1d9607a3e.js?body=1" for 127.0.0.1 at 2016-02-10 15:32:54 +0800


Started GET "/assets/bootstrap-sprockets.self-fbfa5ad7d9aa0afe439ec4ff3883acc4cb92b62cb67c40d674320c9aa1d4642d.js?body=1" for 127.0.0.1 at 2016-02-10 15:32:54 +0800


Started GET "/assets/jquery_ujs.self-d456baa54c1fa6be2ec3711f0a72ddf7a5b2f34a6b4f515f33767d6207b7d4b3.js?body=1" for 127.0.0.1 at 2016-02-10 15:32:54 +0800


Started GET "/assets/turbolinks.self-c37727e9bd6b2735da5c311aa83fead54ed0be6cc8bd9a65309e9c5abe2cbfff.js?body=1" for 127.0.0.1 at 2016-02-10 15:32:54 +0800


Started GET "/assets/admin/styles.self-bdba0c3ae8445f289211ab73deb89c99ce8d333de098c12a8eef656032a3835a.js?body=1" for 127.0.0.1 at 2016-02-10 15:32:54 +0800


Started GET "/assets/application.self-7862a8a8b42407b4741a1adeeea35f0d13ddc4f702ec532adb0674491d296495.js?body=1" for 127.0.0.1 at 2016-02-10 15:32:54 +0800


Started GET "/assets/fontawesome-webfont-ff82aeed6b9bb6701696c84d1b223d2e682eb78c89117a438ce6cfea8c498995.woff2?v=4.5.0" for 127.0.0.1 at 2016-02-10 15:32:54 +0800


Started GET "/" for 127.0.0.1 at 2016-02-10 15:32:56 +0800
Processing by HomeController#index as HTML
  [1m[36mUser Load (0.2ms)[0m  [1mSELECT  `users`.* FROM `users` WHERE `users`.`id` = 1 LIMIT 1[0m
  [1m[35m (0.2ms)[0m  SELECT `relationships`.`followed_id` FROM `relationships` WHERE `relationships`.`follower_id` = 1
  [1m[36mLesson Load (0.2ms)[0m  [1mSELECT `lessons`.* FROM `lessons` WHERE `lessons`.`user_id` = 1[0m
  [1m[35mLessonWord Load (0.2ms)[0m  SELECT `lesson_words`.* FROM `lesson_words` WHERE `lesson_words`.`lesson_id` = 1
  [1m[36mAnswer Load (0.2ms)[0m  [1mSELECT  `answers`.* FROM `answers` WHERE `answers`.`id` = 158 LIMIT 1[0m
  [1m[35mAnswer Load (0.2ms)[0m  SELECT  `answers`.* FROM `answers` WHERE `answers`.`id` = 4 LIMIT 1
  [1m[36mAnswer Load (0.2ms)[0m  [1mSELECT  `answers`.* FROM `answers` WHERE `answers`.`id` = 109 LIMIT 1[0m
  [1m[35mAnswer Load (0.1ms)[0m  SELECT  `answers`.* FROM `answers` WHERE `answers`.`id` = 35 LIMIT 1
  [1m[36mAnswer Load (0.1ms)[0m  [1mSELECT  `answers`.* FROM `answers` WHERE `answers`.`id` = 31 LIMIT 1[0m
  [1m[35mAnswer Load (0.1ms)[0m  SELECT  `answers`.* FROM `answers` WHERE `answers`.`id` = 161 LIMIT 1
  [1m[36mAnswer Load (0.1ms)[0m  [1mSELECT  `answers`.* FROM `answers` WHERE `answers`.`id` = 52 LIMIT 1[0m
  [1m[35mAnswer Load (0.1ms)[0m  SELECT  `answers`.* FROM `answers` WHERE `answers`.`id` = 93 LIMIT 1
  [1m[36mAnswer Load (0.1ms)[0m  [1mSELECT  `answers`.* FROM `answers` WHERE `answers`.`id` = 138 LIMIT 1[0m
  [1m[35mAnswer Load (0.1ms)[0m  SELECT  `answers`.* FROM `answers` WHERE `answers`.`id` = 69 LIMIT 1
  [1m[36mAnswer Load (0.1ms)[0m  [1mSELECT  `answers`.* FROM `answers` WHERE `answers`.`id` = 59 LIMIT 1[0m
  [1m[35mAnswer Load (0.1ms)[0m  SELECT  `answers`.* FROM `answers` WHERE `answers`.`id` = 103 LIMIT 1
  [1m[36mLessonWord Load (0.1ms)[0m  [1mSELECT `lesson_words`.* FROM `lesson_words` WHERE `lesson_words`.`lesson_id` = 2[0m
  [1m[35mLessonWord Load (0.2ms)[0m  SELECT `lesson_words`.* FROM `lesson_words` WHERE `lesson_words`.`lesson_id` = 3
  [1m[36mLessonWord Load (0.1ms)[0m  [1mSELECT `lesson_words`.* FROM `lesson_words` WHERE `lesson_words`.`lesson_id` = 4[0m
  [1m[35mLessonWord Load (0.1ms)[0m  SELECT `lesson_words`.* FROM `lesson_words` WHERE `lesson_words`.`lesson_id` = 5
  [1m[36mLessonWord Load (0.1ms)[0m  [1mSELECT `lesson_words`.* FROM `lesson_words` WHERE `lesson_words`.`lesson_id` = 6[0m
  [1m[35mAnswer Load (0.1ms)[0m  SELECT  `answers`.* FROM `answers` WHERE `answers`.`id` = 127 LIMIT 1
  [1m[36mAnswer Load (0.1ms)[0m  [1mSELECT  `answers`.* FROM `answers` WHERE `answers`.`id` = 129 LIMIT 1[0m
  [1m[35mAnswer Load (0.1ms)[0m  SELECT  `answers`.* FROM `answers` WHERE `answers`.`id` = 101 LIMIT 1
  [1m[36mAnswer Load (0.1ms)[0m  [1mSELECT  `answers`.* FROM `answers` WHERE `answers`.`id` = 8 LIMIT 1[0m
  [1m[35mAnswer Load (0.1ms)[0m  SELECT  `answers`.* FROM `answers` WHERE `answers`.`id` = 153 LIMIT 1
  [1m[36mAnswer Load (0.1ms)[0m  [1mSELECT  `answers`.* FROM `answers` WHERE `answers`.`id` = 16 LIMIT 1[0m
  [1m[35mAnswer Load (0.1ms)[0m  SELECT  `answers`.* FROM `answers` WHERE `answers`.`id` = 45 LIMIT 1
  [1m[36mAnswer Load (0.1ms)[0m  [1mSELECT  `answers`.* FROM `answers` WHERE `answers`.`id` = 187 LIMIT 1[0m
  [1m[35mAnswer Load (0.1ms)[0m  SELECT  `answers`.* FROM `answers` WHERE `answers`.`id` = 119 LIMIT 1
  [1m[36mAnswer Load (0.1ms)[0m  [1mSELECT  `answers`.* FROM `answers` WHERE `answers`.`id` = 121 LIMIT 1[0m
  [1m[35mAnswer Load (0.1ms)[0m  SELECT  `answers`.* FROM `answers` WHERE `answers`.`id` = 65 LIMIT 1
  [1m[36mAnswer Load (0.1ms)[0m  [1mSELECT  `answers`.* FROM `answers` WHERE `answers`.`id` = 183 LIMIT 1[0m
  [1m[35mLessonWord Load (0.1ms)[0m  SELECT `lesson_words`.* FROM `lesson_words` WHERE `lesson_words`.`lesson_id` = 8
  [1m[36mLessonWord Load (0.2ms)[0m  [1mSELECT `lesson_words`.* FROM `lesson_words` WHERE `lesson_words`.`lesson_id` = 9[0m
  [1m[35mLessonWord Load (0.2ms)[0m  SELECT `lesson_words`.* FROM `lesson_words` WHERE `lesson_words`.`lesson_id` = 10
  [1m[36mLessonWord Load (0.2ms)[0m  [1mSELECT `lesson_words`.* FROM `lesson_words` WHERE `lesson_words`.`lesson_id` = 11[0m
  [1m[35mLessonWord Load (0.1ms)[0m  SELECT `lesson_words`.* FROM `lesson_words` WHERE `lesson_words`.`lesson_id` = 12
  [1m[36m (0.1ms)[0m  [1mSELECT COUNT(*) FROM `users` INNER JOIN `relationships` ON `users`.`id` = `relationships`.`followed_id` WHERE `relationships`.`follower_id` = 1[0m
  [1m[35m (0.2ms)[0m  SELECT COUNT(*) FROM `users` INNER JOIN `relationships` ON `users`.`id` = `relationships`.`follower_id` WHERE `relationships`.`followed_id` = 1
  Rendered shared/_status.html.erb (105.8ms)
  Rendered shared/_follow_form.html.erb (0.6ms)
  [1m[36mActivity Load (0.2ms)[0m  [1mSELECT  `activities`.* FROM `activities` WHERE (log_id in (2,5,6,7,8,9,10,11,12,13,14,15,16,17,18,19,20,21,22,23,24,25,26,27,28,29,30,31,32,33,34,35,36,37,38,39,40,41,42,43,44,45,46,47,48,49,50,51,1)) LIMIT 15 OFFSET 0[0m
  [1m[35mCACHE (0.0ms)[0m  SELECT  `users`.* FROM `users` WHERE `users`.`id` = 1 LIMIT 1  [["id", 1]]
  [1m[36mCACHE (0.0ms)[0m  [1mSELECT  `users`.* FROM `users` WHERE `users`.`id` = 1 LIMIT 1[0m  [["id", 1]]
  [1m[35mCACHE (0.0ms)[0m  SELECT  `users`.* FROM `users` WHERE `users`.`id` = 1 LIMIT 1  [["id", 1]]
  [1m[36mCACHE (0.0ms)[0m  [1mSELECT  `users`.* FROM `users` WHERE `users`.`id` = 1 LIMIT 1[0m  [["id", 1]]
  [1m[35mCACHE (0.0ms)[0m  SELECT  `users`.* FROM `users` WHERE `users`.`id` = 1 LIMIT 1  [["id", 1]]
  Rendered home/index.html.erb within layouts/application (126.9ms)
  Rendered layouts/_shim.html.erb (0.5ms)
  Rendered layouts/_header.html.erb (2.8ms)
  Rendered layouts/_flash.html.erb (0.6ms)
  Rendered layouts/_footer.html.erb (1.0ms)
Completed 200 OK in 229ms (Views: 189.4ms | ActiveRecord: 10.9ms)


Started DELETE "/logout" for 127.0.0.1 at 2016-02-10 15:32:59 +0800
Processing by SessionsController#destroy as HTML
  Parameters: {"authenticity_token"=>"nutVl/8HQceIFHr2HIyLvtHDD05Z99blxQlzM8DlrceEXlcb+gsu06QKiCMA5n47apDgixzCD09bhpMho1Uvsw=="}
  [1m[36mUser Load (0.2ms)[0m  [1mSELECT  `users`.* FROM `users` WHERE `users`.`id` = 1 LIMIT 1[0m
  [1m[35m (0.2ms)[0m  BEGIN
  [1m[36mUser Exists (0.2ms)[0m  [1mSELECT  1 AS one FROM `users` WHERE (`users`.`email` = 'admin@example.com' AND `users`.`id` != 1) LIMIT 1[0m
  [1m[35m (0.1ms)[0m  COMMIT
Redirected to http://localhost:3000/
Completed 302 Found in 13ms (ActiveRecord: 0.7ms)


Started GET "/" for 127.0.0.1 at 2016-02-10 15:32:59 +0800
Processing by HomeController#index as HTML
  Rendered home/_signup.html.erb (1.0ms)
  Rendered home/index.html.erb within layouts/application (1.7ms)
  Rendered layouts/_shim.html.erb (0.1ms)
  Rendered layouts/_header.html.erb (1.7ms)
  Rendered layouts/_flash.html.erb (0.1ms)
  Rendered layouts/_footer.html.erb (0.5ms)
Completed 200 OK in 73ms (Views: 67.9ms | ActiveRecord: 0.0ms)


Started GET "/login" for 127.0.0.1 at 2016-02-10 15:33:00 +0800
Processing by SessionsController#new as HTML
  Rendered sessions/new.html.erb within layouts/application (16.0ms)
  Rendered layouts/_shim.html.erb (0.4ms)
  Rendered layouts/_header.html.erb (2.1ms)
  Rendered layouts/_flash.html.erb (0.5ms)
  Rendered layouts/_footer.html.erb (0.9ms)
Completed 200 OK in 99ms (Views: 98.5ms | ActiveRecord: 0.0ms)


Started POST "/login" for 127.0.0.1 at 2016-02-10 15:33:01 +0800
Processing by SessionsController#create as HTML
  Parameters: {"utf8"=>"✓", "authenticity_token"=>"Ji1e1fU01CkQr0Rln1+5ATvzFgQWvNYsgVt3jHmMdC88mFxZ8Di7PTyxtrCDNUyEgKD5wVOJD4Yf1JeeGjz2Ww==", "session"=>{"email"=>"admin@example.com", "password"=>"[FILTERED]", "remember_me"=>"0"}, "commit"=>"Sign in"}
  [1m[36mUser Load (0.2ms)[0m  [1mSELECT  `users`.* FROM `users` WHERE `users`.`email` = 'admin@example.com' LIMIT 1[0m
  [1m[35m (0.2ms)[0m  BEGIN
  [1m[36mUser Exists (0.2ms)[0m  [1mSELECT  1 AS one FROM `users` WHERE (`users`.`email` = 'admin@example.com' AND `users`.`id` != 1) LIMIT 1[0m
  [1m[35m (0.1ms)[0m  COMMIT
Redirected to http://localhost:3000/admin
Completed 302 Found in 127ms (ActiveRecord: 0.7ms)


Started GET "/admin" for 127.0.0.1 at 2016-02-10 15:33:01 +0800
Processing by Admin::DashboardController#index as HTML
  [1m[36mUser Load (0.2ms)[0m  [1mSELECT  `users`.* FROM `users` WHERE `users`.`id` = 1 LIMIT 1[0m
  [1m[35m (0.1ms)[0m  SELECT COUNT(*) FROM `users`
  [1m[36m (0.1ms)[0m  [1mSELECT COUNT(*) FROM `categories`[0m
  [1m[35mCACHE (0.0ms)[0m  SELECT COUNT(*) FROM `categories`
  [1m[36mCACHE (0.0ms)[0m  [1mSELECT COUNT(*) FROM `categories`[0m
  Rendered admin/dashboard/index.html.erb within layouts/admin (4.7ms)
  Rendered partials_admin/_sidebar.html.erb (2.1ms)
  Rendered partials_admin/_header.html.erb (1.9ms)
Completed 200 OK in 82ms (Views: 79.5ms | ActiveRecord: 0.5ms)


Started GET "/login" for 127.0.0.1 at 2016-02-10 15:33:03 +0800
Processing by SessionsController#new as HTML
  Rendered sessions/new.html.erb within layouts/application (2.8ms)
  Rendered layouts/_shim.html.erb (0.1ms)
  [1m[35mUser Load (0.2ms)[0m  SELECT  `users`.* FROM `users` WHERE `users`.`id` = 1 LIMIT 1
  Rendered layouts/_header.html.erb (2.9ms)
  Rendered layouts/_flash.html.erb (0.1ms)
  Rendered layouts/_footer.html.erb (0.5ms)
Completed 200 OK in 73ms (Views: 72.2ms | ActiveRecord: 0.2ms)


Started GET "/" for 127.0.0.1 at 2016-02-10 15:33:04 +0800
Processing by HomeController#index as HTML
  [1m[36mUser Load (0.2ms)[0m  [1mSELECT  `users`.* FROM `users` WHERE `users`.`id` = 1 LIMIT 1[0m
  [1m[35m (0.1ms)[0m  SELECT `relationships`.`followed_id` FROM `relationships` WHERE `relationships`.`follower_id` = 1
  [1m[36mLesson Load (0.2ms)[0m  [1mSELECT `lessons`.* FROM `lessons` WHERE `lessons`.`user_id` = 1[0m
  [1m[35mLessonWord Load (0.2ms)[0m  SELECT `lesson_words`.* FROM `lesson_words` WHERE `lesson_words`.`lesson_id` = 1
  [1m[36mAnswer Load (0.2ms)[0m  [1mSELECT  `answers`.* FROM `answers` WHERE `answers`.`id` = 158 LIMIT 1[0m
  [1m[35mAnswer Load (0.1ms)[0m  SELECT  `answers`.* FROM `answers` WHERE `answers`.`id` = 4 LIMIT 1
  [1m[36mAnswer Load (0.3ms)[0m  [1mSELECT  `answers`.* FROM `answers` WHERE `answers`.`id` = 109 LIMIT 1[0m
  [1m[35mAnswer Load (0.1ms)[0m  SELECT  `answers`.* FROM `answers` WHERE `answers`.`id` = 35 LIMIT 1
  [1m[36mAnswer Load (0.2ms)[0m  [1mSELECT  `answers`.* FROM `answers` WHERE `answers`.`id` = 31 LIMIT 1[0m
  [1m[35mAnswer Load (0.2ms)[0m  SELECT  `answers`.* FROM `answers` WHERE `answers`.`id` = 161 LIMIT 1
  [1m[36mAnswer Load (0.2ms)[0m  [1mSELECT  `answers`.* FROM `answers` WHERE `answers`.`id` = 52 LIMIT 1[0m
  [1m[35mAnswer Load (0.1ms)[0m  SELECT  `answers`.* FROM `answers` WHERE `answers`.`id` = 93 LIMIT 1
  [1m[36mAnswer Load (0.1ms)[0m  [1mSELECT  `answers`.* FROM `answers` WHERE `answers`.`id` = 138 LIMIT 1[0m
  [1m[35mAnswer Load (0.1ms)[0m  SELECT  `answers`.* FROM `answers` WHERE `answers`.`id` = 69 LIMIT 1
  [1m[36mAnswer Load (0.2ms)[0m  [1mSELECT  `answers`.* FROM `answers` WHERE `answers`.`id` = 59 LIMIT 1[0m
  [1m[35mAnswer Load (0.1ms)[0m  SELECT  `answers`.* FROM `answers` WHERE `answers`.`id` = 103 LIMIT 1
  [1m[36mLessonWord Load (0.1ms)[0m  [1mSELECT `lesson_words`.* FROM `lesson_words` WHERE `lesson_words`.`lesson_id` = 2[0m
  [1m[35mLessonWord Load (0.1ms)[0m  SELECT `lesson_words`.* FROM `lesson_words` WHERE `lesson_words`.`lesson_id` = 3
  [1m[36mLessonWord Load (0.1ms)[0m  [1mSELECT `lesson_words`.* FROM `lesson_words` WHERE `lesson_words`.`lesson_id` = 4[0m
  [1m[35mLessonWord Load (0.1ms)[0m  SELECT `lesson_words`.* FROM `lesson_words` WHERE `lesson_words`.`lesson_id` = 5
  [1m[36mLessonWord Load (0.1ms)[0m  [1mSELECT `lesson_words`.* FROM `lesson_words` WHERE `lesson_words`.`lesson_id` = 6[0m
  [1m[35mAnswer Load (0.1ms)[0m  SELECT  `answers`.* FROM `answers` WHERE `answers`.`id` = 127 LIMIT 1
  [1m[36mAnswer Load (0.1ms)[0m  [1mSELECT  `answers`.* FROM `answers` WHERE `answers`.`id` = 129 LIMIT 1[0m
  [1m[35mAnswer Load (0.1ms)[0m  SELECT  `answers`.* FROM `answers` WHERE `answers`.`id` = 101 LIMIT 1
  [1m[36mAnswer Load (0.1ms)[0m  [1mSELECT  `answers`.* FROM `answers` WHERE `answers`.`id` = 8 LIMIT 1[0m
  [1m[35mAnswer Load (0.1ms)[0m  SELECT  `answers`.* FROM `answers` WHERE `answers`.`id` = 153 LIMIT 1
  [1m[36mAnswer Load (0.1ms)[0m  [1mSELECT  `answers`.* FROM `answers` WHERE `answers`.`id` = 16 LIMIT 1[0m
  [1m[35mAnswer Load (0.1ms)[0m  SELECT  `answers`.* FROM `answers` WHERE `answers`.`id` = 45 LIMIT 1
  [1m[36mAnswer Load (0.1ms)[0m  [1mSELECT  `answers`.* FROM `answers` WHERE `answers`.`id` = 187 LIMIT 1[0m
  [1m[35mAnswer Load (0.1ms)[0m  SELECT  `answers`.* FROM `answers` WHERE `answers`.`id` = 119 LIMIT 1
  [1m[36mAnswer Load (0.2ms)[0m  [1mSELECT  `answers`.* FROM `answers` WHERE `answers`.`id` = 121 LIMIT 1[0m
  [1m[35mAnswer Load (0.1ms)[0m  SELECT  `answers`.* FROM `answers` WHERE `answers`.`id` = 65 LIMIT 1
  [1m[36mAnswer Load (0.2ms)[0m  [1mSELECT  `answers`.* FROM `answers` WHERE `answers`.`id` = 183 LIMIT 1[0m
  [1m[35mLessonWord Load (0.1ms)[0m  SELECT `lesson_words`.* FROM `lesson_words` WHERE `lesson_words`.`lesson_id` = 8
  [1m[36mLessonWord Load (0.1ms)[0m  [1mSELECT `lesson_words`.* FROM `lesson_words` WHERE `lesson_words`.`lesson_id` = 9[0m
  [1m[35mLessonWord Load (0.1ms)[0m  SELECT `lesson_words`.* FROM `lesson_words` WHERE `lesson_words`.`lesson_id` = 10
  [1m[36mLessonWord Load (0.1ms)[0m  [1mSELECT `lesson_words`.* FROM `lesson_words` WHERE `lesson_words`.`lesson_id` = 11[0m
  [1m[35mLessonWord Load (0.1ms)[0m  SELECT `lesson_words`.* FROM `lesson_words` WHERE `lesson_words`.`lesson_id` = 12
  [1m[36m (0.2ms)[0m  [1mSELECT COUNT(*) FROM `users` INNER JOIN `relationships` ON `users`.`id` = `relationships`.`followed_id` WHERE `relationships`.`follower_id` = 1[0m
  [1m[35m (0.2ms)[0m  SELECT COUNT(*) FROM `users` INNER JOIN `relationships` ON `users`.`id` = `relationships`.`follower_id` WHERE `relationships`.`followed_id` = 1
  Rendered shared/_status.html.erb (45.1ms)
  Rendered shared/_follow_form.html.erb (0.9ms)
  [1m[36mActivity Load (0.2ms)[0m  [1mSELECT  `activities`.* FROM `activities` WHERE (log_id in (2,5,6,7,8,9,10,11,12,13,14,15,16,17,18,19,20,21,22,23,24,25,26,27,28,29,30,31,32,33,34,35,36,37,38,39,40,41,42,43,44,45,46,47,48,49,50,51,1)) LIMIT 15 OFFSET 0[0m
  [1m[35mCACHE (0.0ms)[0m  SELECT  `users`.* FROM `users` WHERE `users`.`id` = 1 LIMIT 1  [["id", 1]]
  [1m[36mCACHE (0.0ms)[0m  [1mSELECT  `users`.* FROM `users` WHERE `users`.`id` = 1 LIMIT 1[0m  [["id", 1]]
  [1m[35mCACHE (0.0ms)[0m  SELECT  `users`.* FROM `users` WHERE `users`.`id` = 1 LIMIT 1  [["id", 1]]
  [1m[36mCACHE (0.0ms)[0m  [1mSELECT  `users`.* FROM `users` WHERE `users`.`id` = 1 LIMIT 1[0m  [["id", 1]]
  [1m[35mCACHE (0.0ms)[0m  SELECT  `users`.* FROM `users` WHERE `users`.`id` = 1 LIMIT 1  [["id", 1]]
  Rendered home/index.html.erb within layouts/application (60.3ms)
  Rendered layouts/_shim.html.erb (0.1ms)
  Rendered layouts/_header.html.erb (2.1ms)
  Rendered layouts/_flash.html.erb (0.1ms)
  Rendered layouts/_footer.html.erb (0.6ms)
Completed 200 OK in 134ms (Views: 124.8ms | ActiveRecord: 6.2ms)


Started DELETE "/logout" for 127.0.0.1 at 2016-02-10 15:33:06 +0800
Processing by SessionsController#destroy as HTML
  Parameters: {"authenticity_token"=>"p2JNmZX/TSpdj1Zvz9w732tjXLu31DdGqyMi3CD9l9e9108VkPMiPnGRpLrTts5a0DCzfvLh7uw1rMLOQ00Vow=="}
  [1m[36mUser Load (0.2ms)[0m  [1mSELECT  `users`.* FROM `users` WHERE `users`.`id` = 1 LIMIT 1[0m
  [1m[35m (0.1ms)[0m  BEGIN
  [1m[36mUser Exists (0.2ms)[0m  [1mSELECT  1 AS one FROM `users` WHERE (`users`.`email` = 'admin@example.com' AND `users`.`id` != 1) LIMIT 1[0m
  [1m[35m (0.2ms)[0m  COMMIT
Redirected to http://localhost:3000/
Completed 302 Found in 9ms (ActiveRecord: 0.8ms)


Started GET "/" for 127.0.0.1 at 2016-02-10 15:33:06 +0800
Processing by HomeController#index as HTML
  Rendered home/_signup.html.erb (0.7ms)
  Rendered home/index.html.erb within layouts/application (1.7ms)
  Rendered layouts/_shim.html.erb (0.1ms)
  Rendered layouts/_header.html.erb (1.3ms)
  Rendered layouts/_flash.html.erb (0.1ms)
  Rendered layouts/_footer.html.erb (0.5ms)
Completed 200 OK in 92ms (Views: 91.2ms | ActiveRecord: 0.0ms)


Started GET "/login" for 127.0.0.1 at 2016-02-10 15:33:07 +0800
Processing by SessionsController#new as HTML
  Rendered sessions/new.html.erb within layouts/application (2.6ms)
  Rendered layouts/_shim.html.erb (0.1ms)
  Rendered layouts/_header.html.erb (1.4ms)
  Rendered layouts/_flash.html.erb (0.1ms)
  Rendered layouts/_footer.html.erb (0.5ms)
Completed 200 OK in 79ms (Views: 78.8ms | ActiveRecord: 0.0ms)


Started POST "/login" for 127.0.0.1 at 2016-02-10 15:33:09 +0800
Processing by SessionsController#create as HTML
  Parameters: {"utf8"=>"✓", "authenticity_token"=>"9k/CoQ6j41e3QWVXfDvwTbglTdByjvHFA8sJPdC9ee7s+sAtC6+MQ5tfl4JgUQXIA3aiFTe7KG+dROkvsw37mg==", "session"=>{"email"=>"admin@example.com", "password"=>"[FILTERED]", "remember_me"=>"0"}, "commit"=>"Sign in"}
  [1m[36mUser Load (0.2ms)[0m  [1mSELECT  `users`.* FROM `users` WHERE `users`.`email` = 'admin@example.com' LIMIT 1[0m
  [1m[35m (0.1ms)[0m  BEGIN
  [1m[36mUser Exists (0.1ms)[0m  [1mSELECT  1 AS one FROM `users` WHERE (`users`.`email` = 'admin@example.com' AND `users`.`id` != 1) LIMIT 1[0m
  [1m[35m (0.1ms)[0m  COMMIT
Redirected to http://localhost:3000/admin
Completed 302 Found in 125ms (ActiveRecord: 0.6ms)


Started GET "/admin" for 127.0.0.1 at 2016-02-10 15:33:09 +0800
Processing by Admin::DashboardController#index as HTML
  [1m[36mUser Load (0.1ms)[0m  [1mSELECT  `users`.* FROM `users` WHERE `users`.`id` = 1 LIMIT 1[0m
  [1m[35m (0.2ms)[0m  SELECT COUNT(*) FROM `users`
  [1m[36m (0.1ms)[0m  [1mSELECT COUNT(*) FROM `categories`[0m
  [1m[35mCACHE (0.0ms)[0m  SELECT COUNT(*) FROM `categories`
  [1m[36mCACHE (0.0ms)[0m  [1mSELECT COUNT(*) FROM `categories`[0m
  Rendered admin/dashboard/index.html.erb within layouts/admin (3.4ms)
  Rendered partials_admin/_sidebar.html.erb (1.9ms)
  Rendered partials_admin/_header.html.erb (2.0ms)
Completed 200 OK in 78ms (Views: 75.9ms | ActiveRecord: 0.5ms)


Started GET "/" for 127.0.0.1 at 2016-02-10 15:35:55 +0800
  [1m[36mActiveRecord::SchemaMigration Load (0.1ms)[0m  [1mSELECT `schema_migrations`.* FROM `schema_migrations`[0m
Processing by HomeController#index as HTML
  [1m[35mUser Load (0.2ms)[0m  SELECT  `users`.* FROM `users` WHERE `users`.`id` = 1 LIMIT 1
  [1m[36m (0.1ms)[0m  [1mSELECT `relationships`.`followed_id` FROM `relationships` WHERE `relationships`.`follower_id` = 1[0m
  [1m[35mLesson Load (0.1ms)[0m  SELECT `lessons`.* FROM `lessons` WHERE `lessons`.`user_id` = 1
  [1m[36mLessonWord Load (0.2ms)[0m  [1mSELECT `lesson_words`.* FROM `lesson_words` WHERE `lesson_words`.`lesson_id` = 1[0m
  [1m[35mAnswer Load (0.2ms)[0m  SELECT  `answers`.* FROM `answers` WHERE `answers`.`id` = 158 LIMIT 1
  [1m[36mAnswer Load (0.2ms)[0m  [1mSELECT  `answers`.* FROM `answers` WHERE `answers`.`id` = 4 LIMIT 1[0m
  [1m[35mAnswer Load (0.2ms)[0m  SELECT  `answers`.* FROM `answers` WHERE `answers`.`id` = 109 LIMIT 1
  [1m[36mAnswer Load (0.2ms)[0m  [1mSELECT  `answers`.* FROM `answers` WHERE `answers`.`id` = 35 LIMIT 1[0m
  [1m[35mAnswer Load (0.2ms)[0m  SELECT  `answers`.* FROM `answers` WHERE `answers`.`id` = 31 LIMIT 1
  [1m[36mAnswer Load (0.1ms)[0m  [1mSELECT  `answers`.* FROM `answers` WHERE `answers`.`id` = 161 LIMIT 1[0m
  [1m[35mAnswer Load (0.1ms)[0m  SELECT  `answers`.* FROM `answers` WHERE `answers`.`id` = 52 LIMIT 1
  [1m[36mAnswer Load (0.1ms)[0m  [1mSELECT  `answers`.* FROM `answers` WHERE `answers`.`id` = 93 LIMIT 1[0m
  [1m[35mAnswer Load (0.1ms)[0m  SELECT  `answers`.* FROM `answers` WHERE `answers`.`id` = 138 LIMIT 1
  [1m[36mAnswer Load (0.2ms)[0m  [1mSELECT  `answers`.* FROM `answers` WHERE `answers`.`id` = 69 LIMIT 1[0m
  [1m[35mAnswer Load (0.1ms)[0m  SELECT  `answers`.* FROM `answers` WHERE `answers`.`id` = 59 LIMIT 1
  [1m[36mAnswer Load (0.1ms)[0m  [1mSELECT  `answers`.* FROM `answers` WHERE `answers`.`id` = 103 LIMIT 1[0m
  [1m[35mLessonWord Load (0.1ms)[0m  SELECT `lesson_words`.* FROM `lesson_words` WHERE `lesson_words`.`lesson_id` = 2
  [1m[36mLessonWord Load (0.1ms)[0m  [1mSELECT `lesson_words`.* FROM `lesson_words` WHERE `lesson_words`.`lesson_id` = 3[0m
  [1m[35mLessonWord Load (0.1ms)[0m  SELECT `lesson_words`.* FROM `lesson_words` WHERE `lesson_words`.`lesson_id` = 4
  [1m[36mLessonWord Load (0.1ms)[0m  [1mSELECT `lesson_words`.* FROM `lesson_words` WHERE `lesson_words`.`lesson_id` = 5[0m
  [1m[35mLessonWord Load (0.1ms)[0m  SELECT `lesson_words`.* FROM `lesson_words` WHERE `lesson_words`.`lesson_id` = 6
  [1m[36mAnswer Load (0.1ms)[0m  [1mSELECT  `answers`.* FROM `answers` WHERE `answers`.`id` = 127 LIMIT 1[0m
  [1m[35mAnswer Load (0.1ms)[0m  SELECT  `answers`.* FROM `answers` WHERE `answers`.`id` = 129 LIMIT 1
  [1m[36mAnswer Load (0.1ms)[0m  [1mSELECT  `answers`.* FROM `answers` WHERE `answers`.`id` = 101 LIMIT 1[0m
  [1m[35mAnswer Load (0.1ms)[0m  SELECT  `answers`.* FROM `answers` WHERE `answers`.`id` = 8 LIMIT 1
  [1m[36mAnswer Load (0.2ms)[0m  [1mSELECT  `answers`.* FROM `answers` WHERE `answers`.`id` = 153 LIMIT 1[0m
  [1m[35mAnswer Load (0.1ms)[0m  SELECT  `answers`.* FROM `answers` WHERE `answers`.`id` = 16 LIMIT 1
  [1m[36mAnswer Load (0.2ms)[0m  [1mSELECT  `answers`.* FROM `answers` WHERE `answers`.`id` = 45 LIMIT 1[0m
  [1m[35mAnswer Load (0.1ms)[0m  SELECT  `answers`.* FROM `answers` WHERE `answers`.`id` = 187 LIMIT 1
  [1m[36mAnswer Load (0.1ms)[0m  [1mSELECT  `answers`.* FROM `answers` WHERE `answers`.`id` = 119 LIMIT 1[0m
  [1m[35mAnswer Load (0.1ms)[0m  SELECT  `answers`.* FROM `answers` WHERE `answers`.`id` = 121 LIMIT 1
  [1m[36mAnswer Load (0.1ms)[0m  [1mSELECT  `answers`.* FROM `answers` WHERE `answers`.`id` = 65 LIMIT 1[0m
  [1m[35mAnswer Load (0.1ms)[0m  SELECT  `answers`.* FROM `answers` WHERE `answers`.`id` = 183 LIMIT 1
  [1m[36mLessonWord Load (0.1ms)[0m  [1mSELECT `lesson_words`.* FROM `lesson_words` WHERE `lesson_words`.`lesson_id` = 8[0m
  [1m[35mLessonWord Load (0.1ms)[0m  SELECT `lesson_words`.* FROM `lesson_words` WHERE `lesson_words`.`lesson_id` = 9
  [1m[36mLessonWord Load (0.1ms)[0m  [1mSELECT `lesson_words`.* FROM `lesson_words` WHERE `lesson_words`.`lesson_id` = 10[0m
  [1m[35mLessonWord Load (0.1ms)[0m  SELECT `lesson_words`.* FROM `lesson_words` WHERE `lesson_words`.`lesson_id` = 11
  [1m[36mLessonWord Load (0.2ms)[0m  [1mSELECT `lesson_words`.* FROM `lesson_words` WHERE `lesson_words`.`lesson_id` = 12[0m
  [1m[35m (0.1ms)[0m  SELECT COUNT(*) FROM `users` INNER JOIN `relationships` ON `users`.`id` = `relationships`.`followed_id` WHERE `relationships`.`follower_id` = 1
  [1m[36m (0.2ms)[0m  [1mSELECT COUNT(*) FROM `users` INNER JOIN `relationships` ON `users`.`id` = `relationships`.`follower_id` WHERE `relationships`.`followed_id` = 1[0m
  Rendered shared/_status.html.erb (109.3ms)
  Rendered shared/_follow_form.html.erb (0.8ms)
  [1m[35mActivity Load (0.2ms)[0m  SELECT  `activities`.* FROM `activities` WHERE (log_id in (2,5,6,7,8,9,10,11,12,13,14,15,16,17,18,19,20,21,22,23,24,25,26,27,28,29,30,31,32,33,34,35,36,37,38,39,40,41,42,43,44,45,46,47,48,49,50,51,1)) LIMIT 15 OFFSET 0
  [1m[36mCACHE (0.0ms)[0m  [1mSELECT  `users`.* FROM `users` WHERE `users`.`id` = 1 LIMIT 1[0m  [["id", 1]]
  [1m[35mCACHE (0.0ms)[0m  SELECT  `users`.* FROM `users` WHERE `users`.`id` = 1 LIMIT 1  [["id", 1]]
  [1m[36mCACHE (0.0ms)[0m  [1mSELECT  `users`.* FROM `users` WHERE `users`.`id` = 1 LIMIT 1[0m  [["id", 1]]
  [1m[35mCACHE (0.0ms)[0m  SELECT  `users`.* FROM `users` WHERE `users`.`id` = 1 LIMIT 1  [["id", 1]]
  [1m[36mCACHE (0.0ms)[0m  [1mSELECT  `users`.* FROM `users` WHERE `users`.`id` = 1 LIMIT 1[0m  [["id", 1]]
  Rendered home/index.html.erb within layouts/application (529.7ms)
  Rendered layouts/_shim.html.erb (0.4ms)
  Rendered layouts/_header.html.erb (5.3ms)
  Rendered layouts/_flash.html.erb (1.2ms)
  Rendered layouts/_footer.html.erb (2.5ms)
Completed 200 OK in 1138ms (Views: 1048.9ms | ActiveRecord: 11.5ms)


Started GET "/" for 127.0.0.1 at 2016-02-10 15:35:57 +0800
Processing by HomeController#index as HTML
  [1m[35mUser Load (0.2ms)[0m  SELECT  `users`.* FROM `users` WHERE `users`.`id` = 1 LIMIT 1
  [1m[36m (0.3ms)[0m  [1mSELECT `relationships`.`followed_id` FROM `relationships` WHERE `relationships`.`follower_id` = 1[0m
  [1m[35mLesson Load (0.2ms)[0m  SELECT `lessons`.* FROM `lessons` WHERE `lessons`.`user_id` = 1
  [1m[36mLessonWord Load (0.2ms)[0m  [1mSELECT `lesson_words`.* FROM `lesson_words` WHERE `lesson_words`.`lesson_id` = 1[0m
  [1m[35mAnswer Load (0.2ms)[0m  SELECT  `answers`.* FROM `answers` WHERE `answers`.`id` = 158 LIMIT 1
  [1m[36mAnswer Load (0.1ms)[0m  [1mSELECT  `answers`.* FROM `answers` WHERE `answers`.`id` = 4 LIMIT 1[0m
  [1m[35mAnswer Load (0.1ms)[0m  SELECT  `answers`.* FROM `answers` WHERE `answers`.`id` = 109 LIMIT 1
  [1m[36mAnswer Load (0.1ms)[0m  [1mSELECT  `answers`.* FROM `answers` WHERE `answers`.`id` = 35 LIMIT 1[0m
  [1m[35mAnswer Load (0.1ms)[0m  SELECT  `answers`.* FROM `answers` WHERE `answers`.`id` = 31 LIMIT 1
  [1m[36mAnswer Load (0.1ms)[0m  [1mSELECT  `answers`.* FROM `answers` WHERE `answers`.`id` = 161 LIMIT 1[0m
  [1m[35mAnswer Load (0.1ms)[0m  SELECT  `answers`.* FROM `answers` WHERE `answers`.`id` = 52 LIMIT 1
  [1m[36mAnswer Load (0.1ms)[0m  [1mSELECT  `answers`.* FROM `answers` WHERE `answers`.`id` = 93 LIMIT 1[0m
  [1m[35mAnswer Load (0.1ms)[0m  SELECT  `answers`.* FROM `answers` WHERE `answers`.`id` = 138 LIMIT 1
  [1m[36mAnswer Load (0.1ms)[0m  [1mSELECT  `answers`.* FROM `answers` WHERE `answers`.`id` = 69 LIMIT 1[0m
  [1m[35mAnswer Load (0.1ms)[0m  SELECT  `answers`.* FROM `answers` WHERE `answers`.`id` = 59 LIMIT 1
  [1m[36mAnswer Load (0.1ms)[0m  [1mSELECT  `answers`.* FROM `answers` WHERE `answers`.`id` = 103 LIMIT 1[0m
  [1m[35mLessonWord Load (0.1ms)[0m  SELECT `lesson_words`.* FROM `lesson_words` WHERE `lesson_words`.`lesson_id` = 2
  [1m[36mLessonWord Load (0.1ms)[0m  [1mSELECT `lesson_words`.* FROM `lesson_words` WHERE `lesson_words`.`lesson_id` = 3[0m
  [1m[35mLessonWord Load (0.1ms)[0m  SELECT `lesson_words`.* FROM `lesson_words` WHERE `lesson_words`.`lesson_id` = 4
  [1m[36mLessonWord Load (0.1ms)[0m  [1mSELECT `lesson_words`.* FROM `lesson_words` WHERE `lesson_words`.`lesson_id` = 5[0m
  [1m[35mLessonWord Load (0.1ms)[0m  SELECT `lesson_words`.* FROM `lesson_words` WHERE `lesson_words`.`lesson_id` = 6
  [1m[36mAnswer Load (0.2ms)[0m  [1mSELECT  `answers`.* FROM `answers` WHERE `answers`.`id` = 127 LIMIT 1[0m
  [1m[35mAnswer Load (0.2ms)[0m  SELECT  `answers`.* FROM `answers` WHERE `answers`.`id` = 129 LIMIT 1
  [1m[36mAnswer Load (0.2ms)[0m  [1mSELECT  `answers`.* FROM `answers` WHERE `answers`.`id` = 101 LIMIT 1[0m
  [1m[35mAnswer Load (0.1ms)[0m  SELECT  `answers`.* FROM `answers` WHERE `answers`.`id` = 8 LIMIT 1
  [1m[36mAnswer Load (0.1ms)[0m  [1mSELECT  `answers`.* FROM `answers` WHERE `answers`.`id` = 153 LIMIT 1[0m
  [1m[35mAnswer Load (0.1ms)[0m  SELECT  `answers`.* FROM `answers` WHERE `answers`.`id` = 16 LIMIT 1
  [1m[36mAnswer Load (0.1ms)[0m  [1mSELECT  `answers`.* FROM `answers` WHERE `answers`.`id` = 45 LIMIT 1[0m
  [1m[35mAnswer Load (0.1ms)[0m  SELECT  `answers`.* FROM `answers` WHERE `answers`.`id` = 187 LIMIT 1
  [1m[36mAnswer Load (0.1ms)[0m  [1mSELECT  `answers`.* FROM `answers` WHERE `answers`.`id` = 119 LIMIT 1[0m
  [1m[35mAnswer Load (0.1ms)[0m  SELECT  `answers`.* FROM `answers` WHERE `answers`.`id` = 121 LIMIT 1
  [1m[36mAnswer Load (0.1ms)[0m  [1mSELECT  `answers`.* FROM `answers` WHERE `answers`.`id` = 65 LIMIT 1[0m
  [1m[35mAnswer Load (0.1ms)[0m  SELECT  `answers`.* FROM `answers` WHERE `answers`.`id` = 183 LIMIT 1
  [1m[36mLessonWord Load (0.1ms)[0m  [1mSELECT `lesson_words`.* FROM `lesson_words` WHERE `lesson_words`.`lesson_id` = 8[0m
  [1m[35mLessonWord Load (0.1ms)[0m  SELECT `lesson_words`.* FROM `lesson_words` WHERE `lesson_words`.`lesson_id` = 9
  [1m[36mLessonWord Load (0.2ms)[0m  [1mSELECT `lesson_words`.* FROM `lesson_words` WHERE `lesson_words`.`lesson_id` = 10[0m
  [1m[35mLessonWord Load (0.2ms)[0m  SELECT `lesson_words`.* FROM `lesson_words` WHERE `lesson_words`.`lesson_id` = 11
  [1m[36mLessonWord Load (0.2ms)[0m  [1mSELECT `lesson_words`.* FROM `lesson_words` WHERE `lesson_words`.`lesson_id` = 12[0m
  [1m[35m (0.1ms)[0m  SELECT COUNT(*) FROM `users` INNER JOIN `relationships` ON `users`.`id` = `relationships`.`followed_id` WHERE `relationships`.`follower_id` = 1
  [1m[36m (0.2ms)[0m  [1mSELECT COUNT(*) FROM `users` INNER JOIN `relationships` ON `users`.`id` = `relationships`.`follower_id` WHERE `relationships`.`followed_id` = 1[0m
  Rendered shared/_status.html.erb (50.9ms)
  Rendered shared/_follow_form.html.erb (0.1ms)
  [1m[35mActivity Load (0.1ms)[0m  SELECT  `activities`.* FROM `activities` WHERE (log_id in (2,5,6,7,8,9,10,11,12,13,14,15,16,17,18,19,20,21,22,23,24,25,26,27,28,29,30,31,32,33,34,35,36,37,38,39,40,41,42,43,44,45,46,47,48,49,50,51,1)) LIMIT 15 OFFSET 0
  [1m[36mCACHE (0.0ms)[0m  [1mSELECT  `users`.* FROM `users` WHERE `users`.`id` = 1 LIMIT 1[0m  [["id", 1]]
  [1m[35mCACHE (0.0ms)[0m  SELECT  `users`.* FROM `users` WHERE `users`.`id` = 1 LIMIT 1  [["id", 1]]
  [1m[36mCACHE (0.0ms)[0m  [1mSELECT  `users`.* FROM `users` WHERE `users`.`id` = 1 LIMIT 1[0m  [["id", 1]]
  [1m[35mCACHE (0.0ms)[0m  SELECT  `users`.* FROM `users` WHERE `users`.`id` = 1 LIMIT 1  [["id", 1]]
  [1m[36mCACHE (0.0ms)[0m  [1mSELECT  `users`.* FROM `users` WHERE `users`.`id` = 1 LIMIT 1[0m  [["id", 1]]
  Rendered home/index.html.erb within layouts/application (63.6ms)
  Rendered layouts/_shim.html.erb (0.1ms)
  Rendered layouts/_header.html.erb (1.8ms)
  Rendered layouts/_flash.html.erb (0.1ms)
  Rendered layouts/_footer.html.erb (0.6ms)
Completed 200 OK in 159ms (Views: 145.7ms | ActiveRecord: 6.0ms)


Started DELETE "/logout" for 127.0.0.1 at 2016-02-10 15:35:59 +0800
Processing by SessionsController#destroy as HTML
  Parameters: {"authenticity_token"=>"wE7UTUmShsi6KgG0JVhQ2TloF4AwoftIrUbkoVAadQra+9bBTJ7p3JY082E5MqVcgjv4RXWUIuIzyQSzM6r3fg=="}
  [1m[35mUser Load (0.2ms)[0m  SELECT  `users`.* FROM `users` WHERE `users`.`id` = 1 LIMIT 1
  [1m[36m (0.1ms)[0m  [1mBEGIN[0m
  [1m[35mUser Exists (0.1ms)[0m  SELECT  1 AS one FROM `users` WHERE (`users`.`email` = 'admin@example.com' AND `users`.`id` != 1) LIMIT 1
  [1m[36m (0.1ms)[0m  [1mCOMMIT[0m
Redirected to http://localhost:3000/
Completed 302 Found in 13ms (ActiveRecord: 0.5ms)


Started GET "/" for 127.0.0.1 at 2016-02-10 15:35:59 +0800
Processing by HomeController#index as HTML
  Rendered home/_signup.html.erb (1.1ms)
  Rendered home/index.html.erb within layouts/application (2.1ms)
  Rendered layouts/_shim.html.erb (0.1ms)
  Rendered layouts/_header.html.erb (1.3ms)
  Rendered layouts/_flash.html.erb (0.1ms)
  Rendered layouts/_footer.html.erb (0.5ms)
Completed 200 OK in 73ms (Views: 67.7ms | ActiveRecord: 0.0ms)


Started GET "/login" for 127.0.0.1 at 2016-02-10 15:36:00 +0800
Processing by SessionsController#new as HTML
  Rendered sessions/new.html.erb within layouts/application (20.9ms)
  Rendered layouts/_shim.html.erb (0.4ms)
  Rendered layouts/_header.html.erb (2.2ms)
  Rendered layouts/_flash.html.erb (0.5ms)
  Rendered layouts/_footer.html.erb (1.0ms)
Completed 200 OK in 93ms (Views: 91.9ms | ActiveRecord: 0.0ms)


Started POST "/login" for 127.0.0.1 at 2016-02-10 15:36:01 +0800
Processing by SessionsController#create as HTML
  Parameters: {"utf8"=>"✓", "authenticity_token"=>"/LNEYv8K+8bMn9pmzsC/SgH23zJUcxzXFZFePxbAyGvmBkbu+gaU0uCBKLPSqkrPuqUw9xFGxX2LHr4tdXBKHw==", "session"=>{"email"=>"admin@example.com", "password"=>"[FILTERED]", "remember_me"=>"0"}, "commit"=>"Sign in"}
  [1m[35mUser Load (0.2ms)[0m  SELECT  `users`.* FROM `users` WHERE `users`.`email` = 'admin@example.com' LIMIT 1
  [1m[36m (0.1ms)[0m  [1mBEGIN[0m
  [1m[35mUser Exists (0.2ms)[0m  SELECT  1 AS one FROM `users` WHERE (`users`.`email` = 'admin@example.com' AND `users`.`id` != 1) LIMIT 1
  [1m[36m (0.2ms)[0m  [1mCOMMIT[0m
Redirected to http://localhost:3000/admin
Completed 302 Found in 133ms (ActiveRecord: 0.7ms)


Started GET "/admin" for 127.0.0.1 at 2016-02-10 15:36:02 +0800
Processing by Admin::DashboardController#index as HTML
  [1m[35mUser Load (0.2ms)[0m  SELECT  `users`.* FROM `users` WHERE `users`.`id` = 1 LIMIT 1
  [1m[36m (0.1ms)[0m  [1mSELECT COUNT(*) FROM `users`[0m
  [1m[35m (0.1ms)[0m  SELECT COUNT(*) FROM `categories`
  [1m[36mCACHE (0.0ms)[0m  [1mSELECT COUNT(*) FROM `categories`[0m
  [1m[35mCACHE (0.0ms)[0m  SELECT COUNT(*) FROM `categories`
  Rendered admin/dashboard/index.html.erb within layouts/admin (13.6ms)
  Rendered partials_admin/_sidebar.html.erb (2.7ms)
  Rendered partials_admin/_header.html.erb (2.5ms)
Completed 200 OK in 89ms (Views: 86.4ms | ActiveRecord: 1.3ms)


Started GET "/admin/categories" for 127.0.0.1 at 2016-02-10 15:36:03 +0800
Processing by Admin::CategoriesController#index as HTML
  [1m[36mUser Load (0.2ms)[0m  [1mSELECT  `users`.* FROM `users` WHERE `users`.`id` = 1 LIMIT 1[0m
  [1m[35m (0.2ms)[0m  SELECT COUNT(*) FROM `users`
  [1m[36m (0.2ms)[0m  [1mSELECT COUNT(*) FROM `categories`[0m
  [1m[35mCategory Load (0.1ms)[0m  SELECT  `categories`.* FROM `categories`  ORDER BY `categories`.`created_at` DESC LIMIT 5 OFFSET 0
  [1m[36mCACHE (0.0ms)[0m  [1mSELECT COUNT(*) FROM `categories`[0m
  Rendered admin/categories/index.html.erb within layouts/admin (17.6ms)
  Rendered partials_admin/_sidebar.html.erb (2.3ms)
  Rendered partials_admin/_header.html.erb (2.8ms)
Completed 200 OK in 89ms (Views: 86.8ms | ActiveRecord: 0.9ms)


Started GET "/admin/users" for 127.0.0.1 at 2016-02-10 15:36:04 +0800
Processing by Admin::UsersController#index as HTML
  [1m[35mUser Load (0.2ms)[0m  SELECT  `users`.* FROM `users` WHERE `users`.`id` = 1 LIMIT 1
  [1m[36m (0.2ms)[0m  [1mSELECT COUNT(*) FROM `users`[0m
  [1m[35mUser Load (0.2ms)[0m  SELECT  `users`.* FROM `users` LIMIT 10 OFFSET 0
  [1m[36mCACHE (0.0ms)[0m  [1mSELECT COUNT(*) FROM `users`[0m
  [1m[35mCACHE (0.0ms)[0m  SELECT COUNT(*) FROM `users`
  Rendered admin/users/index.html.erb within layouts/admin (16.9ms)
  Rendered partials_admin/_sidebar.html.erb (1.6ms)
  Rendered partials_admin/_header.html.erb (2.4ms)
Completed 200 OK in 87ms (Views: 84.7ms | ActiveRecord: 0.6ms)


Started GET "/admin/categories" for 127.0.0.1 at 2016-02-10 15:36:06 +0800
Processing by Admin::CategoriesController#index as HTML
  [1m[36mUser Load (0.1ms)[0m  [1mSELECT  `users`.* FROM `users` WHERE `users`.`id` = 1 LIMIT 1[0m
  [1m[35m (0.2ms)[0m  SELECT COUNT(*) FROM `users`
  [1m[36m (0.2ms)[0m  [1mSELECT COUNT(*) FROM `categories`[0m
  [1m[35mCategory Load (0.1ms)[0m  SELECT  `categories`.* FROM `categories`  ORDER BY `categories`.`created_at` DESC LIMIT 5 OFFSET 0
  [1m[36mCACHE (0.0ms)[0m  [1mSELECT COUNT(*) FROM `categories`[0m
  Rendered admin/categories/index.html.erb within layouts/admin (11.0ms)
  Rendered partials_admin/_sidebar.html.erb (2.2ms)
  Rendered partials_admin/_header.html.erb (1.8ms)
Completed 200 OK in 78ms (Views: 75.9ms | ActiveRecord: 0.7ms)


Started GET "/" for 127.0.0.1 at 2016-02-10 15:41:57 +0800
  [1m[36mActiveRecord::SchemaMigration Load (0.2ms)[0m  [1mSELECT `schema_migrations`.* FROM `schema_migrations`[0m
Processing by HomeController#index as HTML
  [1m[35mUser Load (0.2ms)[0m  SELECT  `users`.* FROM `users` WHERE `users`.`id` = 1 LIMIT 1
  [1m[36m (0.2ms)[0m  [1mSELECT `relationships`.`followed_id` FROM `relationships` WHERE `relationships`.`follower_id` = 1[0m
  [1m[35mLesson Load (0.1ms)[0m  SELECT `lessons`.* FROM `lessons` WHERE `lessons`.`user_id` = 1
  [1m[36mLessonWord Load (0.2ms)[0m  [1mSELECT `lesson_words`.* FROM `lesson_words` WHERE `lesson_words`.`lesson_id` = 1[0m
  [1m[35mAnswer Load (0.2ms)[0m  SELECT  `answers`.* FROM `answers` WHERE `answers`.`id` = 158 LIMIT 1
  [1m[36mAnswer Load (0.3ms)[0m  [1mSELECT  `answers`.* FROM `answers` WHERE `answers`.`id` = 4 LIMIT 1[0m
  [1m[35mAnswer Load (0.3ms)[0m  SELECT  `answers`.* FROM `answers` WHERE `answers`.`id` = 109 LIMIT 1
  [1m[36mAnswer Load (0.2ms)[0m  [1mSELECT  `answers`.* FROM `answers` WHERE `answers`.`id` = 35 LIMIT 1[0m
  [1m[35mAnswer Load (0.2ms)[0m  SELECT  `answers`.* FROM `answers` WHERE `answers`.`id` = 31 LIMIT 1
  [1m[36mAnswer Load (0.1ms)[0m  [1mSELECT  `answers`.* FROM `answers` WHERE `answers`.`id` = 161 LIMIT 1[0m
  [1m[35mAnswer Load (0.1ms)[0m  SELECT  `answers`.* FROM `answers` WHERE `answers`.`id` = 52 LIMIT 1
  [1m[36mAnswer Load (0.1ms)[0m  [1mSELECT  `answers`.* FROM `answers` WHERE `answers`.`id` = 93 LIMIT 1[0m
  [1m[35mAnswer Load (0.1ms)[0m  SELECT  `answers`.* FROM `answers` WHERE `answers`.`id` = 138 LIMIT 1
  [1m[36mAnswer Load (0.1ms)[0m  [1mSELECT  `answers`.* FROM `answers` WHERE `answers`.`id` = 69 LIMIT 1[0m
  [1m[35mAnswer Load (0.1ms)[0m  SELECT  `answers`.* FROM `answers` WHERE `answers`.`id` = 59 LIMIT 1
  [1m[36mAnswer Load (0.1ms)[0m  [1mSELECT  `answers`.* FROM `answers` WHERE `answers`.`id` = 103 LIMIT 1[0m
  [1m[35mLessonWord Load (0.2ms)[0m  SELECT `lesson_words`.* FROM `lesson_words` WHERE `lesson_words`.`lesson_id` = 2
  [1m[36mLessonWord Load (0.2ms)[0m  [1mSELECT `lesson_words`.* FROM `lesson_words` WHERE `lesson_words`.`lesson_id` = 3[0m
  [1m[35mLessonWord Load (0.2ms)[0m  SELECT `lesson_words`.* FROM `lesson_words` WHERE `lesson_words`.`lesson_id` = 4
  [1m[36mLessonWord Load (0.2ms)[0m  [1mSELECT `lesson_words`.* FROM `lesson_words` WHERE `lesson_words`.`lesson_id` = 5[0m
  [1m[35mLessonWord Load (0.2ms)[0m  SELECT `lesson_words`.* FROM `lesson_words` WHERE `lesson_words`.`lesson_id` = 6
  [1m[36mAnswer Load (0.2ms)[0m  [1mSELECT  `answers`.* FROM `answers` WHERE `answers`.`id` = 127 LIMIT 1[0m
  [1m[35mAnswer Load (0.6ms)[0m  SELECT  `answers`.* FROM `answers` WHERE `answers`.`id` = 129 LIMIT 1
  [1m[36mAnswer Load (0.3ms)[0m  [1mSELECT  `answers`.* FROM `answers` WHERE `answers`.`id` = 101 LIMIT 1[0m
  [1m[35mAnswer Load (0.1ms)[0m  SELECT  `answers`.* FROM `answers` WHERE `answers`.`id` = 8 LIMIT 1
  [1m[36mAnswer Load (0.2ms)[0m  [1mSELECT  `answers`.* FROM `answers` WHERE `answers`.`id` = 153 LIMIT 1[0m
  [1m[35mAnswer Load (0.1ms)[0m  SELECT  `answers`.* FROM `answers` WHERE `answers`.`id` = 16 LIMIT 1
  [1m[36mAnswer Load (0.1ms)[0m  [1mSELECT  `answers`.* FROM `answers` WHERE `answers`.`id` = 45 LIMIT 1[0m
  [1m[35mAnswer Load (0.1ms)[0m  SELECT  `answers`.* FROM `answers` WHERE `answers`.`id` = 187 LIMIT 1
  [1m[36mAnswer Load (0.1ms)[0m  [1mSELECT  `answers`.* FROM `answers` WHERE `answers`.`id` = 119 LIMIT 1[0m
  [1m[35mAnswer Load (0.1ms)[0m  SELECT  `answers`.* FROM `answers` WHERE `answers`.`id` = 121 LIMIT 1
  [1m[36mAnswer Load (0.2ms)[0m  [1mSELECT  `answers`.* FROM `answers` WHERE `answers`.`id` = 65 LIMIT 1[0m
  [1m[35mAnswer Load (0.1ms)[0m  SELECT  `answers`.* FROM `answers` WHERE `answers`.`id` = 183 LIMIT 1
  [1m[36mLessonWord Load (0.2ms)[0m  [1mSELECT `lesson_words`.* FROM `lesson_words` WHERE `lesson_words`.`lesson_id` = 8[0m
  [1m[35mLessonWord Load (0.1ms)[0m  SELECT `lesson_words`.* FROM `lesson_words` WHERE `lesson_words`.`lesson_id` = 9
  [1m[36mLessonWord Load (0.1ms)[0m  [1mSELECT `lesson_words`.* FROM `lesson_words` WHERE `lesson_words`.`lesson_id` = 10[0m
  [1m[35mLessonWord Load (0.2ms)[0m  SELECT `lesson_words`.* FROM `lesson_words` WHERE `lesson_words`.`lesson_id` = 11
  [1m[36mLessonWord Load (0.1ms)[0m  [1mSELECT `lesson_words`.* FROM `lesson_words` WHERE `lesson_words`.`lesson_id` = 12[0m
  [1m[35m (0.2ms)[0m  SELECT COUNT(*) FROM `users` INNER JOIN `relationships` ON `users`.`id` = `relationships`.`followed_id` WHERE `relationships`.`follower_id` = 1
  [1m[36m (0.2ms)[0m  [1mSELECT COUNT(*) FROM `users` INNER JOIN `relationships` ON `users`.`id` = `relationships`.`follower_id` WHERE `relationships`.`followed_id` = 1[0m
  Rendered shared/_status.html.erb (113.2ms)
  Rendered shared/_follow_form.html.erb (0.9ms)
  [1m[35mActivity Load (0.2ms)[0m  SELECT  `activities`.* FROM `activities` WHERE (log_id in (2,5,6,7,8,9,10,11,12,13,14,15,16,17,18,19,20,21,22,23,24,25,26,27,28,29,30,31,32,33,34,35,36,37,38,39,40,41,42,43,44,45,46,47,48,49,50,51,1)) LIMIT 15 OFFSET 0
  [1m[36mCACHE (0.0ms)[0m  [1mSELECT  `users`.* FROM `users` WHERE `users`.`id` = 1 LIMIT 1[0m  [["id", 1]]
  [1m[35mCACHE (0.0ms)[0m  SELECT  `users`.* FROM `users` WHERE `users`.`id` = 1 LIMIT 1  [["id", 1]]
  [1m[36mCACHE (0.0ms)[0m  [1mSELECT  `users`.* FROM `users` WHERE `users`.`id` = 1 LIMIT 1[0m  [["id", 1]]
  [1m[35mCACHE (0.0ms)[0m  SELECT  `users`.* FROM `users` WHERE `users`.`id` = 1 LIMIT 1  [["id", 1]]
  [1m[36mCACHE (0.0ms)[0m  [1mSELECT  `users`.* FROM `users` WHERE `users`.`id` = 1 LIMIT 1[0m  [["id", 1]]
  Rendered home/index.html.erb within layouts/application (543.8ms)
  Rendered layouts/_shim.html.erb (1.5ms)
  Rendered layouts/_header.html.erb (7.3ms)
  Rendered layouts/_flash.html.erb (1.2ms)
  Rendered layouts/_footer.html.erb (2.6ms)
Completed 200 OK in 1133ms (Views: 1048.5ms | ActiveRecord: 12.7ms)


Started GET "/" for 127.0.0.1 at 2016-02-10 15:41:58 +0800
Processing by HomeController#index as HTML
  [1m[35mUser Load (0.2ms)[0m  SELECT  `users`.* FROM `users` WHERE `users`.`id` = 1 LIMIT 1
  [1m[36m (0.2ms)[0m  [1mSELECT `relationships`.`followed_id` FROM `relationships` WHERE `relationships`.`follower_id` = 1[0m
  [1m[35mLesson Load (0.2ms)[0m  SELECT `lessons`.* FROM `lessons` WHERE `lessons`.`user_id` = 1
  [1m[36mLessonWord Load (0.2ms)[0m  [1mSELECT `lesson_words`.* FROM `lesson_words` WHERE `lesson_words`.`lesson_id` = 1[0m
  [1m[35mAnswer Load (0.1ms)[0m  SELECT  `answers`.* FROM `answers` WHERE `answers`.`id` = 158 LIMIT 1
  [1m[36mAnswer Load (0.1ms)[0m  [1mSELECT  `answers`.* FROM `answers` WHERE `answers`.`id` = 4 LIMIT 1[0m
  [1m[35mAnswer Load (0.1ms)[0m  SELECT  `answers`.* FROM `answers` WHERE `answers`.`id` = 109 LIMIT 1
  [1m[36mAnswer Load (0.1ms)[0m  [1mSELECT  `answers`.* FROM `answers` WHERE `answers`.`id` = 35 LIMIT 1[0m
  [1m[35mAnswer Load (0.1ms)[0m  SELECT  `answers`.* FROM `answers` WHERE `answers`.`id` = 31 LIMIT 1
  [1m[36mAnswer Load (0.1ms)[0m  [1mSELECT  `answers`.* FROM `answers` WHERE `answers`.`id` = 161 LIMIT 1[0m
  [1m[35mAnswer Load (0.1ms)[0m  SELECT  `answers`.* FROM `answers` WHERE `answers`.`id` = 52 LIMIT 1
  [1m[36mAnswer Load (0.1ms)[0m  [1mSELECT  `answers`.* FROM `answers` WHERE `answers`.`id` = 93 LIMIT 1[0m
  [1m[35mAnswer Load (0.1ms)[0m  SELECT  `answers`.* FROM `answers` WHERE `answers`.`id` = 138 LIMIT 1
  [1m[36mAnswer Load (0.1ms)[0m  [1mSELECT  `answers`.* FROM `answers` WHERE `answers`.`id` = 69 LIMIT 1[0m
  [1m[35mAnswer Load (0.1ms)[0m  SELECT  `answers`.* FROM `answers` WHERE `answers`.`id` = 59 LIMIT 1
  [1m[36mAnswer Load (0.1ms)[0m  [1mSELECT  `answers`.* FROM `answers` WHERE `answers`.`id` = 103 LIMIT 1[0m
  [1m[35mLessonWord Load (0.2ms)[0m  SELECT `lesson_words`.* FROM `lesson_words` WHERE `lesson_words`.`lesson_id` = 2
  [1m[36mLessonWord Load (0.2ms)[0m  [1mSELECT `lesson_words`.* FROM `lesson_words` WHERE `lesson_words`.`lesson_id` = 3[0m
  [1m[35mLessonWord Load (0.1ms)[0m  SELECT `lesson_words`.* FROM `lesson_words` WHERE `lesson_words`.`lesson_id` = 4
  [1m[36mLessonWord Load (0.3ms)[0m  [1mSELECT `lesson_words`.* FROM `lesson_words` WHERE `lesson_words`.`lesson_id` = 5[0m
  [1m[35mLessonWord Load (0.1ms)[0m  SELECT `lesson_words`.* FROM `lesson_words` WHERE `lesson_words`.`lesson_id` = 6
  [1m[36mAnswer Load (0.1ms)[0m  [1mSELECT  `answers`.* FROM `answers` WHERE `answers`.`id` = 127 LIMIT 1[0m
  [1m[35mAnswer Load (0.1ms)[0m  SELECT  `answers`.* FROM `answers` WHERE `answers`.`id` = 129 LIMIT 1
  [1m[36mAnswer Load (0.1ms)[0m  [1mSELECT  `answers`.* FROM `answers` WHERE `answers`.`id` = 101 LIMIT 1[0m
  [1m[35mAnswer Load (0.2ms)[0m  SELECT  `answers`.* FROM `answers` WHERE `answers`.`id` = 8 LIMIT 1
  [1m[36mAnswer Load (0.1ms)[0m  [1mSELECT  `answers`.* FROM `answers` WHERE `answers`.`id` = 153 LIMIT 1[0m
  [1m[35mAnswer Load (0.1ms)[0m  SELECT  `answers`.* FROM `answers` WHERE `answers`.`id` = 16 LIMIT 1
  [1m[36mAnswer Load (0.1ms)[0m  [1mSELECT  `answers`.* FROM `answers` WHERE `answers`.`id` = 45 LIMIT 1[0m
  [1m[35mAnswer Load (0.1ms)[0m  SELECT  `answers`.* FROM `answers` WHERE `answers`.`id` = 187 LIMIT 1
  [1m[36mAnswer Load (0.1ms)[0m  [1mSELECT  `answers`.* FROM `answers` WHERE `answers`.`id` = 119 LIMIT 1[0m
  [1m[35mAnswer Load (0.1ms)[0m  SELECT  `answers`.* FROM `answers` WHERE `answers`.`id` = 121 LIMIT 1
  [1m[36mAnswer Load (0.1ms)[0m  [1mSELECT  `answers`.* FROM `answers` WHERE `answers`.`id` = 65 LIMIT 1[0m
  [1m[35mAnswer Load (0.1ms)[0m  SELECT  `answers`.* FROM `answers` WHERE `answers`.`id` = 183 LIMIT 1
  [1m[36mLessonWord Load (0.3ms)[0m  [1mSELECT `lesson_words`.* FROM `lesson_words` WHERE `lesson_words`.`lesson_id` = 8[0m
  [1m[35mLessonWord Load (0.2ms)[0m  SELECT `lesson_words`.* FROM `lesson_words` WHERE `lesson_words`.`lesson_id` = 9
  [1m[36mLessonWord Load (0.1ms)[0m  [1mSELECT `lesson_words`.* FROM `lesson_words` WHERE `lesson_words`.`lesson_id` = 10[0m
  [1m[35mLessonWord Load (0.1ms)[0m  SELECT `lesson_words`.* FROM `lesson_words` WHERE `lesson_words`.`lesson_id` = 11
  [1m[36mLessonWord Load (0.1ms)[0m  [1mSELECT `lesson_words`.* FROM `lesson_words` WHERE `lesson_words`.`lesson_id` = 12[0m
  [1m[35m (0.2ms)[0m  SELECT COUNT(*) FROM `users` INNER JOIN `relationships` ON `users`.`id` = `relationships`.`followed_id` WHERE `relationships`.`follower_id` = 1
  [1m[36m (0.1ms)[0m  [1mSELECT COUNT(*) FROM `users` INNER JOIN `relationships` ON `users`.`id` = `relationships`.`follower_id` WHERE `relationships`.`followed_id` = 1[0m
  Rendered shared/_status.html.erb (52.7ms)
  Rendered shared/_follow_form.html.erb (0.1ms)
  [1m[35mActivity Load (0.1ms)[0m  SELECT  `activities`.* FROM `activities` WHERE (log_id in (2,5,6,7,8,9,10,11,12,13,14,15,16,17,18,19,20,21,22,23,24,25,26,27,28,29,30,31,32,33,34,35,36,37,38,39,40,41,42,43,44,45,46,47,48,49,50,51,1)) LIMIT 15 OFFSET 0
  [1m[36mCACHE (0.0ms)[0m  [1mSELECT  `users`.* FROM `users` WHERE `users`.`id` = 1 LIMIT 1[0m  [["id", 1]]
  [1m[35mCACHE (0.0ms)[0m  SELECT  `users`.* FROM `users` WHERE `users`.`id` = 1 LIMIT 1  [["id", 1]]
  [1m[36mCACHE (0.0ms)[0m  [1mSELECT  `users`.* FROM `users` WHERE `users`.`id` = 1 LIMIT 1[0m  [["id", 1]]
  [1m[35mCACHE (0.0ms)[0m  SELECT  `users`.* FROM `users` WHERE `users`.`id` = 1 LIMIT 1  [["id", 1]]
  [1m[36mCACHE (0.0ms)[0m  [1mSELECT  `users`.* FROM `users` WHERE `users`.`id` = 1 LIMIT 1[0m  [["id", 1]]
  Rendered home/index.html.erb within layouts/application (67.8ms)
  Rendered layouts/_shim.html.erb (0.1ms)
  Rendered layouts/_header.html.erb (2.1ms)
  Rendered layouts/_flash.html.erb (0.1ms)
  Rendered layouts/_footer.html.erb (0.4ms)
Completed 200 OK in 163ms (Views: 152.3ms | ActiveRecord: 6.1ms)


Started DELETE "/logout" for 127.0.0.1 at 2016-02-10 15:42:00 +0800
Processing by SessionsController#destroy as HTML
  Parameters: {"authenticity_token"=>"Xn2AHT/Zgb8bU2FRrfmVuJSj5Htkcjft/GpEMSBJ/NdEyIKROtXuqzdNk4Sxk2A9L/ALviFH7kdi5aQjQ/l+ow=="}
  [1m[35mUser Load (0.2ms)[0m  SELECT  `users`.* FROM `users` WHERE `users`.`id` = 1 LIMIT 1
  [1m[36m (0.1ms)[0m  [1mBEGIN[0m
  [1m[35mUser Exists (0.2ms)[0m  SELECT  1 AS one FROM `users` WHERE (`users`.`email` = 'admin@example.com' AND `users`.`id` != 1) LIMIT 1
  [1m[36m (0.1ms)[0m  [1mCOMMIT[0m
Redirected to http://localhost:3000/
Completed 302 Found in 14ms (ActiveRecord: 0.7ms)


Started GET "/" for 127.0.0.1 at 2016-02-10 15:42:00 +0800
Processing by HomeController#index as HTML
  Rendered home/_signup.html.erb (1.0ms)
  Rendered home/index.html.erb within layouts/application (1.9ms)
  Rendered layouts/_shim.html.erb (0.1ms)
  Rendered layouts/_header.html.erb (1.3ms)
  Rendered layouts/_flash.html.erb (0.1ms)
  Rendered layouts/_footer.html.erb (0.4ms)
Completed 200 OK in 71ms (Views: 65.0ms | ActiveRecord: 0.0ms)


Started GET "/login" for 127.0.0.1 at 2016-02-10 15:42:01 +0800
Processing by SessionsController#new as HTML
  Rendered sessions/new.html.erb within layouts/application (15.2ms)
  Rendered layouts/_shim.html.erb (0.4ms)
  Rendered layouts/_header.html.erb (2.0ms)
  Rendered layouts/_flash.html.erb (0.5ms)
  Rendered layouts/_footer.html.erb (0.9ms)
Completed 200 OK in 83ms (Views: 82.1ms | ActiveRecord: 0.0ms)


Started POST "/login" for 127.0.0.1 at 2016-02-10 15:42:02 +0800
Processing by SessionsController#create as HTML
  Parameters: {"utf8"=>"✓", "authenticity_token"=>"vWcTwUlin6t6DEHd6dXd9ftjLgaUzjBxTRTHp8lwXoSn0hFNTG7wv1YSswj1vyhwQDDBw9H76dvTmye1qsDc8A==", "session"=>{"email"=>"admin@example.com", "password"=>"[FILTERED]", "remember_me"=>"0"}, "commit"=>"Sign in"}
  [1m[35mUser Load (0.2ms)[0m  SELECT  `users`.* FROM `users` WHERE `users`.`email` = 'admin@example.com' LIMIT 1
  [1m[36m (0.2ms)[0m  [1mBEGIN[0m
  [1m[35mUser Exists (0.1ms)[0m  SELECT  1 AS one FROM `users` WHERE (`users`.`email` = 'admin@example.com' AND `users`.`id` != 1) LIMIT 1
  [1m[36m (0.1ms)[0m  [1mCOMMIT[0m
Redirected to http://localhost:3000/admin
Completed 302 Found in 125ms (ActiveRecord: 0.6ms)


Started GET "/admin" for 127.0.0.1 at 2016-02-10 15:42:02 +0800
Processing by Admin::DashboardController#index as HTML
  [1m[35mUser Load (0.2ms)[0m  SELECT  `users`.* FROM `users` WHERE `users`.`id` = 1 LIMIT 1
  [1m[36m (0.2ms)[0m  [1mSELECT COUNT(*) FROM `users`[0m
  [1m[35m (0.1ms)[0m  SELECT COUNT(*) FROM `categories`
  [1m[36mCACHE (0.0ms)[0m  [1mSELECT COUNT(*) FROM `categories`[0m
  [1m[35mCACHE (0.0ms)[0m  SELECT COUNT(*) FROM `categories`
  Rendered admin/dashboard/index.html.erb within layouts/admin (13.5ms)
  Rendered partials_admin/_sidebar.html.erb (2.5ms)
  Rendered partials_admin/_header.html.erb (2.4ms)
Completed 200 OK in 88ms (Views: 85.7ms | ActiveRecord: 1.2ms)


Started GET "/admin" for 127.0.0.1 at 2016-02-10 15:42:09 +0800
Processing by Admin::DashboardController#index as HTML
  [1m[36mUser Load (0.2ms)[0m  [1mSELECT  `users`.* FROM `users` WHERE `users`.`id` = 1 LIMIT 1[0m
  [1m[35m (0.2ms)[0m  SELECT COUNT(*) FROM `users`
  [1m[36m (0.1ms)[0m  [1mSELECT COUNT(*) FROM `categories`[0m
  [1m[35mCACHE (0.0ms)[0m  SELECT COUNT(*) FROM `categories`
  [1m[36mCACHE (0.0ms)[0m  [1mSELECT COUNT(*) FROM `categories`[0m
  Rendered admin/dashboard/index.html.erb within layouts/admin (4.7ms)
  Rendered partials_admin/_sidebar.html.erb (1.8ms)
  Rendered partials_admin/_header.html.erb (1.9ms)
Completed 200 OK in 71ms (Views: 68.4ms | ActiveRecord: 0.6ms)


Started GET "/assets/admin/simple-sidebar.self-44544dd149b74405ffd329a90624dc1f01afb0ad97a5198e46175133894e8b97.css?body=1" for 127.0.0.1 at 2016-02-10 15:42:09 +0800


Started GET "/assets/framgia_logo-818121e9e40777295cc3913890a428b6a74b9059cb62b5b9a4877e7639a05d86.png" for 127.0.0.1 at 2016-02-10 15:42:09 +0800


Started GET "/assets/application.self-9c6e89862ea0523752b6a484480b37ea3a5d1354c2436c2ccf7d73c8a0abf4dd.css?body=1" for 127.0.0.1 at 2016-02-10 15:42:09 +0800


Started GET "/assets/bootstrap/alert.self-d8b7bd612b3dcfdefb7b5539b9d5848d66ccbd3e7af8bb8d48bfb3288aaa7be8.js?body=1" for 127.0.0.1 at 2016-02-10 15:42:09 +0800


Started GET "/assets/styles.self-4fe355d370c7b659a29aa8ecd154e86901a62be2d67e3db05913dd3daeb93645.css?body=1" for 127.0.0.1 at 2016-02-10 15:42:09 +0800


Started GET "/assets/jquery.self-a714331225dda820228db323939889f149aec0127aeb06255646b616ba1ca419.js?body=1" for 127.0.0.1 at 2016-02-10 15:42:09 +0800


Started GET "/assets/admin/styles_admin.self-03d27cfdfc8962a7ae7933c202a0d570629cd2fe8f5f6f0f7106bc6616e47265.css?body=1" for 127.0.0.1 at 2016-02-10 15:42:09 +0800


Started GET "/assets/bootstrap/affix.self-3555752f8a930795ee9e56751a52e6871104ae85d01b3ab8363da3802a5ecc78.js?body=1" for 127.0.0.1 at 2016-02-10 15:42:09 +0800


Started GET "/assets/bootstrap/button.self-e74d33ba39500940a78d6fa4d2d64f6ca7fd86d60a2149641f7fde7ba711d8a1.js?body=1" for 127.0.0.1 at 2016-02-10 15:42:09 +0800


Started GET "/assets/bootstrap/carousel.self-35d204878d906298e55bc24553e11fd89b980fc4ffe5792fe36af8c0da289c54.js?body=1" for 127.0.0.1 at 2016-02-10 15:42:09 +0800


Started GET "/assets/bootstrap/collapse.self-056c40532d9f0f126ec17e839f60c942f573fbd61a086e7f156306e3fc5e8c1f.js?body=1" for 127.0.0.1 at 2016-02-10 15:42:09 +0800


Started GET "/assets/bootstrap/dropdown.self-e56c2ffee4618411d43ecf15c89273f6223847ad756e1cd17545d04afa732ed4.js?body=1" for 127.0.0.1 at 2016-02-10 15:42:09 +0800


Started GET "/assets/bootstrap/modal.self-62463080dba6b9d024ff0a3192da0e76eacbc683194f3395047c6f5cfa0acb59.js?body=1" for 127.0.0.1 at 2016-02-10 15:42:09 +0800


Started GET "/assets/bootstrap/tab.self-dad0d5c377f9fae26394484535ebb23ccf68afae084f896af6ea4cdf8c9f6ae0.js?body=1" for 127.0.0.1 at 2016-02-10 15:42:09 +0800


Started GET "/assets/bootstrap/scrollspy.self-52afd90e8ba97d9f08617a13986e8869d6c4a45751c0bff59a6f91241e722aca.js?body=1" for 127.0.0.1 at 2016-02-10 15:42:09 +0800


Started GET "/assets/bootstrap/transition.self-3b268d4cd8c79e46ded7392885f72f64ffb5b0d49948a12b8cf9779f6163e13a.js?body=1" for 127.0.0.1 at 2016-02-10 15:42:09 +0800


Started GET "/assets/bootstrap/tooltip.self-facdc69246a072acb927ded77ff655f7c27a518b9357fddd45d119fbc8a0ab9f.js?body=1" for 127.0.0.1 at 2016-02-10 15:42:09 +0800


Started GET "/assets/bootstrap/popover.self-210cff1fb4b72b71a29b5122180cb5937c8145cd13a934dc838280f1d9607a3e.js?body=1" for 127.0.0.1 at 2016-02-10 15:42:09 +0800


Started GET "/assets/bootstrap-sprockets.self-fbfa5ad7d9aa0afe439ec4ff3883acc4cb92b62cb67c40d674320c9aa1d4642d.js?body=1" for 127.0.0.1 at 2016-02-10 15:42:09 +0800


Started GET "/assets/jquery_ujs.self-d456baa54c1fa6be2ec3711f0a72ddf7a5b2f34a6b4f515f33767d6207b7d4b3.js?body=1" for 127.0.0.1 at 2016-02-10 15:42:09 +0800


Started GET "/assets/turbolinks.self-c37727e9bd6b2735da5c311aa83fead54ed0be6cc8bd9a65309e9c5abe2cbfff.js?body=1" for 127.0.0.1 at 2016-02-10 15:42:09 +0800


Started GET "/assets/admin/styles.self-bdba0c3ae8445f289211ab73deb89c99ce8d333de098c12a8eef656032a3835a.js?body=1" for 127.0.0.1 at 2016-02-10 15:42:09 +0800


Started GET "/assets/application.self-7862a8a8b42407b4741a1adeeea35f0d13ddc4f702ec532adb0674491d296495.js?body=1" for 127.0.0.1 at 2016-02-10 15:42:09 +0800


Started GET "/assets/fontawesome-webfont-ff82aeed6b9bb6701696c84d1b223d2e682eb78c89117a438ce6cfea8c498995.woff2?v=4.5.0" for 127.0.0.1 at 2016-02-10 15:42:09 +0800


Started DELETE "/logout" for 127.0.0.1 at 2016-02-10 15:46:16 +0800
Processing by SessionsController#destroy as HTML
  Parameters: {"authenticity_token"=>"BWxXTkTBfDGDfwE1QrYddb8j+62Yx9q1OzI2wEY/BLsf2VXCQc0TJa9h8+Be3OjwBHAUaN3yAx+lvdbSJY+Gzw=="}
  [1m[35mUser Load (0.2ms)[0m  SELECT  `users`.* FROM `users` WHERE `users`.`id` = 1 LIMIT 1
  [1m[36m (0.1ms)[0m  [1mBEGIN[0m
  [1m[35mUser Exists (0.1ms)[0m  SELECT  1 AS one FROM `users` WHERE (`users`.`email` = 'admin@example.com' AND `users`.`id` != 1) LIMIT 1
  [1m[36m (0.1ms)[0m  [1mCOMMIT[0m
Redirected to http://localhost:3000/
Completed 302 Found in 5ms (ActiveRecord: 0.6ms)


Started GET "/" for 127.0.0.1 at 2016-02-10 15:46:16 +0800
Processing by HomeController#index as HTML
  Rendered home/_signup.html.erb (0.5ms)
  Rendered home/index.html.erb within layouts/application (1.4ms)
  Rendered layouts/_shim.html.erb (0.1ms)
  Rendered layouts/_header.html.erb (1.3ms)
  Rendered layouts/_flash.html.erb (0.1ms)
  Rendered layouts/_footer.html.erb (0.5ms)
Completed 200 OK in 67ms (Views: 66.8ms | ActiveRecord: 0.0ms)


Started GET "/login" for 127.0.0.1 at 2016-02-10 15:46:17 +0800
Processing by SessionsController#new as HTML
  Rendered sessions/new.html.erb within layouts/application (2.5ms)
  Rendered layouts/_shim.html.erb (0.1ms)
  Rendered layouts/_header.html.erb (1.5ms)
  Rendered layouts/_flash.html.erb (0.1ms)
  Rendered layouts/_footer.html.erb (0.5ms)
Completed 200 OK in 81ms (Views: 80.1ms | ActiveRecord: 0.0ms)


Started POST "/login" for 127.0.0.1 at 2016-02-10 15:46:18 +0800
Processing by SessionsController#create as HTML
  Parameters: {"utf8"=>"✓", "authenticity_token"=>"SGTR03tJYrb1J7Xb15hOtJDasmwuCIRymrOUwaU1GZhS0dNffkUNotk5Rw7L8rsxK4ldqWs9XdgEPHTTxoWb7A==", "session"=>{"email"=>"admin@example.com", "password"=>"[FILTERED]", "remember_me"=>"0"}, "commit"=>"Sign in"}
  [1m[35mUser Load (0.2ms)[0m  SELECT  `users`.* FROM `users` WHERE `users`.`email` = 'admin@example.com' LIMIT 1
  [1m[36m (0.2ms)[0m  [1mBEGIN[0m
  [1m[35mUser Exists (0.2ms)[0m  SELECT  1 AS one FROM `users` WHERE (`users`.`email` = 'admin@example.com' AND `users`.`id` != 1) LIMIT 1
  [1m[36m (0.1ms)[0m  [1mCOMMIT[0m
Redirected to http://localhost:3000/admin
Completed 302 Found in 135ms (ActiveRecord: 0.7ms)


Started GET "/admin" for 127.0.0.1 at 2016-02-10 15:46:18 +0800
Processing by Admin::DashboardController#index as HTML
  [1m[35mUser Load (0.2ms)[0m  SELECT  `users`.* FROM `users` WHERE `users`.`id` = 1 LIMIT 1
  [1m[36m (0.3ms)[0m  [1mSELECT COUNT(*) FROM `users`[0m
  [1m[35m (0.2ms)[0m  SELECT COUNT(*) FROM `categories`
  [1m[36mCACHE (0.0ms)[0m  [1mSELECT COUNT(*) FROM `categories`[0m
  [1m[35mCACHE (0.0ms)[0m  SELECT COUNT(*) FROM `categories`
  Rendered admin/dashboard/index.html.erb within layouts/admin (6.3ms)
  Rendered partials_admin/_sidebar.html.erb (1.8ms)
  Rendered partials_admin/_header.html.erb (3.1ms)
Completed 200 OK in 84ms (Views: 82.3ms | ActiveRecord: 0.6ms)


Started GET "/admin" for 127.0.0.1 at 2016-02-10 15:46:19 +0800
Processing by Admin::DashboardController#index as HTML
  [1m[36mUser Load (0.2ms)[0m  [1mSELECT  `users`.* FROM `users` WHERE `users`.`id` = 1 LIMIT 1[0m
  [1m[35m (0.2ms)[0m  SELECT COUNT(*) FROM `users`
  [1m[36m (0.3ms)[0m  [1mSELECT COUNT(*) FROM `categories`[0m
  [1m[35mCACHE (0.0ms)[0m  SELECT COUNT(*) FROM `categories`
  [1m[36mCACHE (0.0ms)[0m  [1mSELECT COUNT(*) FROM `categories`[0m
  Rendered admin/dashboard/index.html.erb within layouts/admin (7.4ms)
  Rendered partials_admin/_sidebar.html.erb (2.5ms)
  Rendered partials_admin/_header.html.erb (2.3ms)
Completed 200 OK in 91ms (Views: 89.0ms | ActiveRecord: 0.7ms)


Started GET "/admin/categories" for 127.0.0.1 at 2016-02-10 15:46:19 +0800
Processing by Admin::CategoriesController#index as HTML
  [1m[35mUser Load (0.2ms)[0m  SELECT  `users`.* FROM `users` WHERE `users`.`id` = 1 LIMIT 1
  [1m[36m (0.2ms)[0m  [1mSELECT COUNT(*) FROM `users`[0m
  [1m[35m (0.2ms)[0m  SELECT COUNT(*) FROM `categories`
  [1m[36mCategory Load (0.2ms)[0m  [1mSELECT  `categories`.* FROM `categories`  ORDER BY `categories`.`created_at` DESC LIMIT 5 OFFSET 0[0m
  [1m[35mCACHE (0.0ms)[0m  SELECT COUNT(*) FROM `categories`
  Rendered admin/categories/index.html.erb within layouts/admin (21.0ms)
  Rendered partials_admin/_sidebar.html.erb (2.1ms)
  Rendered partials_admin/_header.html.erb (2.0ms)
Completed 200 OK in 98ms (Views: 94.6ms | ActiveRecord: 1.1ms)


Started GET "/admin/users" for 127.0.0.1 at 2016-02-10 15:46:30 +0800
Processing by Admin::UsersController#index as HTML
  [1m[36mUser Load (0.2ms)[0m  [1mSELECT  `users`.* FROM `users` WHERE `users`.`id` = 1 LIMIT 1[0m
  [1m[35m (0.2ms)[0m  SELECT COUNT(*) FROM `users`
  [1m[36mUser Load (0.2ms)[0m  [1mSELECT  `users`.* FROM `users` LIMIT 10 OFFSET 0[0m
  [1m[35mCACHE (0.0ms)[0m  SELECT COUNT(*) FROM `users`
  [1m[36mCACHE (0.0ms)[0m  [1mSELECT COUNT(*) FROM `users`[0m
  Rendered admin/users/index.html.erb within layouts/admin (18.2ms)
  Rendered partials_admin/_sidebar.html.erb (1.8ms)
  Rendered partials_admin/_header.html.erb (2.0ms)
Completed 200 OK in 93ms (Views: 90.5ms | ActiveRecord: 0.7ms)
